This is pdfTeX, Version 3.14159265-2.6-1.40.16 (TeX Live 2015/Debian) (preloaded format=pdflatex 2016.7.26)  20 NOV 2016 12:47
entering extended mode
 restricted \write18 enabled.
 %&-line parsing enabled.
**report.tex
(./report.tex
LaTeX2e <2016/02/01>
Babel <3.9q> and hyphenation patterns for 6 language(s) loaded.
(/usr/share/texlive/texmf-dist/tex/latex/base/article.cls
Document Class: article 2014/09/29 v1.4h Standard LaTeX document class
(/usr/share/texlive/texmf-dist/tex/latex/base/size11.clo
File: size11.clo 2014/09/29 v1.4h Standard LaTeX file (size option)
)
\c@part=\count79
\c@section=\count80
\c@subsection=\count81
\c@subsubsection=\count82
\c@paragraph=\count83
\c@subparagraph=\count84
\c@figure=\count85
\c@table=\count86
\abovecaptionskip=\skip41
\belowcaptionskip=\skip42
\bibindent=\dimen102
)
(/usr/share/texlive/texmf-dist/tex/latex/base/fontenc.sty
Package: fontenc 2005/09/27 v1.99g Standard LaTeX package

(/usr/share/texlive/texmf-dist/tex/latex/base/t1enc.def
File: t1enc.def 2005/09/27 v1.99g Standard LaTeX file
LaTeX Font Info:    Redeclaring font encoding T1 on input line 48.
))
(/usr/share/texlive/texmf-dist/tex/generic/babel/babel.sty
Package: babel 2016/02/24 3.9q The Babel package

(/usr/share/texlive/texmf-dist/tex/generic/babel-portuges/portuges.ldf
Language: portuges 2008/03/18 v1.2q Portuguese support from the babel system

(/usr/share/texlive/texmf-dist/tex/generic/babel/babel.def
File: babel.def 2016/02/24 3.9q Babel common definitions
\babel@savecnt=\count87
\U@D=\dimen103
)
Package babel Info: Making " an active character on input line 145.
))
(/usr/share/texlive/texmf-dist/tex/latex/base/inputenc.sty
Package: inputenc 2015/03/17 v1.2c Input encoding file
\inpenc@prehook=\toks14
\inpenc@posthook=\toks15

(/usr/share/texlive/texmf-dist/tex/latex/base/utf8.def
File: utf8.def 2015/12/03 v1.1r UTF-8 support for inputenc
Now handling font encoding OML ...
... no UTF-8 mapping file for font encoding OML
Now handling font encoding T1 ...
... processing UTF-8 mapping file for font encoding T1

(/usr/share/texlive/texmf-dist/tex/latex/base/t1enc.dfu
File: t1enc.dfu 2015/12/03 v1.1r UTF-8 support for inputenc
   defining Unicode char U+00A0 (decimal 160)
   defining Unicode char U+00A1 (decimal 161)
   defining Unicode char U+00A3 (decimal 163)
   defining Unicode char U+00AB (decimal 171)
   defining Unicode char U+00AD (decimal 173)
   defining Unicode char U+00BB (decimal 187)
   defining Unicode char U+00BF (decimal 191)
   defining Unicode char U+00C0 (decimal 192)
   defining Unicode char U+00C1 (decimal 193)
   defining Unicode char U+00C2 (decimal 194)
   defining Unicode char U+00C3 (decimal 195)
   defining Unicode char U+00C4 (decimal 196)
   defining Unicode char U+00C5 (decimal 197)
   defining Unicode char U+00C6 (decimal 198)
   defining Unicode char U+00C7 (decimal 199)
   defining Unicode char U+00C8 (decimal 200)
   defining Unicode char U+00C9 (decimal 201)
   defining Unicode char U+00CA (decimal 202)
   defining Unicode char U+00CB (decimal 203)
   defining Unicode char U+00CC (decimal 204)
   defining Unicode char U+00CD (decimal 205)
   defining Unicode char U+00CE (decimal 206)
   defining Unicode char U+00CF (decimal 207)
   defining Unicode char U+00D0 (decimal 208)
   defining Unicode char U+00D1 (decimal 209)
   defining Unicode char U+00D2 (decimal 210)
   defining Unicode char U+00D3 (decimal 211)
   defining Unicode char U+00D4 (decimal 212)
   defining Unicode char U+00D5 (decimal 213)
   defining Unicode char U+00D6 (decimal 214)
   defining Unicode char U+00D8 (decimal 216)
   defining Unicode char U+00D9 (decimal 217)
   defining Unicode char U+00DA (decimal 218)
   defining Unicode char U+00DB (decimal 219)
   defining Unicode char U+00DC (decimal 220)
   defining Unicode char U+00DD (decimal 221)
   defining Unicode char U+00DE (decimal 222)
   defining Unicode char U+00DF (decimal 223)
   defining Unicode char U+00E0 (decimal 224)
   defining Unicode char U+00E1 (decimal 225)
   defining Unicode char U+00E2 (decimal 226)
   defining Unicode char U+00E3 (decimal 227)
   defining Unicode char U+00E4 (decimal 228)
   defining Unicode char U+00E5 (decimal 229)
   defining Unicode char U+00E6 (decimal 230)
   defining Unicode char U+00E7 (decimal 231)
   defining Unicode char U+00E8 (decimal 232)
   defining Unicode char U+00E9 (decimal 233)
   defining Unicode char U+00EA (decimal 234)
   defining Unicode char U+00EB (decimal 235)
   defining Unicode char U+00EC (decimal 236)
   defining Unicode char U+00ED (decimal 237)
   defining Unicode char U+00EE (decimal 238)
   defining Unicode char U+00EF (decimal 239)
   defining Unicode char U+00F0 (decimal 240)
   defining Unicode char U+00F1 (decimal 241)
   defining Unicode char U+00F2 (decimal 242)
   defining Unicode char U+00F3 (decimal 243)
   defining Unicode char U+00F4 (decimal 244)
   defining Unicode char U+00F5 (decimal 245)
   defining Unicode char U+00F6 (decimal 246)
   defining Unicode char U+00F8 (decimal 248)
   defining Unicode char U+00F9 (decimal 249)
   defining Unicode char U+00FA (decimal 250)
   defining Unicode char U+00FB (decimal 251)
   defining Unicode char U+00FC (decimal 252)
   defining Unicode char U+00FD (decimal 253)
   defining Unicode char U+00FE (decimal 254)
   defining Unicode char U+00FF (decimal 255)
   defining Unicode char U+0100 (decimal 256)
   defining Unicode char U+0101 (decimal 257)
   defining Unicode char U+0102 (decimal 258)
   defining Unicode char U+0103 (decimal 259)
   defining Unicode char U+0104 (decimal 260)
   defining Unicode char U+0105 (decimal 261)
   defining Unicode char U+0106 (decimal 262)
   defining Unicode char U+0107 (decimal 263)
   defining Unicode char U+0108 (decimal 264)
   defining Unicode char U+0109 (decimal 265)
   defining Unicode char U+010A (decimal 266)
   defining Unicode char U+010B (decimal 267)
   defining Unicode char U+010C (decimal 268)
   defining Unicode char U+010D (decimal 269)
   defining Unicode char U+010E (decimal 270)
   defining Unicode char U+010F (decimal 271)
   defining Unicode char U+0110 (decimal 272)
   defining Unicode char U+0111 (decimal 273)
   defining Unicode char U+0112 (decimal 274)
   defining Unicode char U+0113 (decimal 275)
   defining Unicode char U+0114 (decimal 276)
   defining Unicode char U+0115 (decimal 277)
   defining Unicode char U+0116 (decimal 278)
   defining Unicode char U+0117 (decimal 279)
   defining Unicode char U+0118 (decimal 280)
   defining Unicode char U+0119 (decimal 281)
   defining Unicode char U+011A (decimal 282)
   defining Unicode char U+011B (decimal 283)
   defining Unicode char U+011C (decimal 284)
   defining Unicode char U+011D (decimal 285)
   defining Unicode char U+011E (decimal 286)
   defining Unicode char U+011F (decimal 287)
   defining Unicode char U+0120 (decimal 288)
   defining Unicode char U+0121 (decimal 289)
   defining Unicode char U+0122 (decimal 290)
   defining Unicode char U+0123 (decimal 291)
   defining Unicode char U+0124 (decimal 292)
   defining Unicode char U+0125 (decimal 293)
   defining Unicode char U+0128 (decimal 296)
   defining Unicode char U+0129 (decimal 297)
   defining Unicode char U+012A (decimal 298)
   defining Unicode char U+012B (decimal 299)
   defining Unicode char U+012C (decimal 300)
   defining Unicode char U+012D (decimal 301)
   defining Unicode char U+012E (decimal 302)
   defining Unicode char U+012F (decimal 303)
   defining Unicode char U+0130 (decimal 304)
   defining Unicode char U+0131 (decimal 305)
   defining Unicode char U+0132 (decimal 306)
   defining Unicode char U+0133 (decimal 307)
   defining Unicode char U+0134 (decimal 308)
   defining Unicode char U+0135 (decimal 309)
   defining Unicode char U+0136 (decimal 310)
   defining Unicode char U+0137 (decimal 311)
   defining Unicode char U+0139 (decimal 313)
   defining Unicode char U+013A (decimal 314)
   defining Unicode char U+013B (decimal 315)
   defining Unicode char U+013C (decimal 316)
   defining Unicode char U+013D (decimal 317)
   defining Unicode char U+013E (decimal 318)
   defining Unicode char U+0141 (decimal 321)
   defining Unicode char U+0142 (decimal 322)
   defining Unicode char U+0143 (decimal 323)
   defining Unicode char U+0144 (decimal 324)
   defining Unicode char U+0145 (decimal 325)
   defining Unicode char U+0146 (decimal 326)
   defining Unicode char U+0147 (decimal 327)
   defining Unicode char U+0148 (decimal 328)
   defining Unicode char U+014A (decimal 330)
   defining Unicode char U+014B (decimal 331)
   defining Unicode char U+014C (decimal 332)
   defining Unicode char U+014D (decimal 333)
   defining Unicode char U+014E (decimal 334)
   defining Unicode char U+014F (decimal 335)
   defining Unicode char U+0150 (decimal 336)
   defining Unicode char U+0151 (decimal 337)
   defining Unicode char U+0152 (decimal 338)
   defining Unicode char U+0153 (decimal 339)
   defining Unicode char U+0154 (decimal 340)
   defining Unicode char U+0155 (decimal 341)
   defining Unicode char U+0156 (decimal 342)
   defining Unicode char U+0157 (decimal 343)
   defining Unicode char U+0158 (decimal 344)
   defining Unicode char U+0159 (decimal 345)
   defining Unicode char U+015A (decimal 346)
   defining Unicode char U+015B (decimal 347)
   defining Unicode char U+015C (decimal 348)
   defining Unicode char U+015D (decimal 349)
   defining Unicode char U+015E (decimal 350)
   defining Unicode char U+015F (decimal 351)
   defining Unicode char U+0160 (decimal 352)
   defining Unicode char U+0161 (decimal 353)
   defining Unicode char U+0162 (decimal 354)
   defining Unicode char U+0163 (decimal 355)
   defining Unicode char U+0164 (decimal 356)
   defining Unicode char U+0165 (decimal 357)
   defining Unicode char U+0168 (decimal 360)
   defining Unicode char U+0169 (decimal 361)
   defining Unicode char U+016A (decimal 362)
   defining Unicode char U+016B (decimal 363)
   defining Unicode char U+016C (decimal 364)
   defining Unicode char U+016D (decimal 365)
   defining Unicode char U+016E (decimal 366)
   defining Unicode char U+016F (decimal 367)
   defining Unicode char U+0170 (decimal 368)
   defining Unicode char U+0171 (decimal 369)
   defining Unicode char U+0172 (decimal 370)
   defining Unicode char U+0173 (decimal 371)
   defining Unicode char U+0174 (decimal 372)
   defining Unicode char U+0175 (decimal 373)
   defining Unicode char U+0176 (decimal 374)
   defining Unicode char U+0177 (decimal 375)
   defining Unicode char U+0178 (decimal 376)
   defining Unicode char U+0179 (decimal 377)
   defining Unicode char U+017A (decimal 378)
   defining Unicode char U+017B (decimal 379)
   defining Unicode char U+017C (decimal 380)
   defining Unicode char U+017D (decimal 381)
   defining Unicode char U+017E (decimal 382)
   defining Unicode char U+01CD (decimal 461)
   defining Unicode char U+01CE (decimal 462)
   defining Unicode char U+01CF (decimal 463)
   defining Unicode char U+01D0 (decimal 464)
   defining Unicode char U+01D1 (decimal 465)
   defining Unicode char U+01D2 (decimal 466)
   defining Unicode char U+01D3 (decimal 467)
   defining Unicode char U+01D4 (decimal 468)
   defining Unicode char U+01E2 (decimal 482)
   defining Unicode char U+01E3 (decimal 483)
   defining Unicode char U+01E6 (decimal 486)
   defining Unicode char U+01E7 (decimal 487)
   defining Unicode char U+01E8 (decimal 488)
   defining Unicode char U+01E9 (decimal 489)
   defining Unicode char U+01EA (decimal 490)
   defining Unicode char U+01EB (decimal 491)
   defining Unicode char U+01F0 (decimal 496)
   defining Unicode char U+01F4 (decimal 500)
   defining Unicode char U+01F5 (decimal 501)
   defining Unicode char U+0218 (decimal 536)
   defining Unicode char U+0219 (decimal 537)
   defining Unicode char U+021A (decimal 538)
   defining Unicode char U+021B (decimal 539)
   defining Unicode char U+01E02 (decimal 7682)
   defining Unicode char U+01E03 (decimal 7683)
   defining Unicode char U+200C (decimal 8204)
   defining Unicode char U+2013 (decimal 8211)
   defining Unicode char U+2014 (decimal 8212)
   defining Unicode char U+2018 (decimal 8216)
   defining Unicode char U+2019 (decimal 8217)
   defining Unicode char U+201A (decimal 8218)
   defining Unicode char U+201C (decimal 8220)
   defining Unicode char U+201D (decimal 8221)
   defining Unicode char U+201E (decimal 8222)
   defining Unicode char U+2030 (decimal 8240)
   defining Unicode char U+2031 (decimal 8241)
   defining Unicode char U+2039 (decimal 8249)
   defining Unicode char U+203A (decimal 8250)
   defining Unicode char U+2423 (decimal 9251)
)
Now handling font encoding OT1 ...
... processing UTF-8 mapping file for font encoding OT1

(/usr/share/texlive/texmf-dist/tex/latex/base/ot1enc.dfu
File: ot1enc.dfu 2015/12/03 v1.1r UTF-8 support for inputenc
   defining Unicode char U+00A0 (decimal 160)
   defining Unicode char U+00A1 (decimal 161)
   defining Unicode char U+00A3 (decimal 163)
   defining Unicode char U+00AD (decimal 173)
   defining Unicode char U+00B8 (decimal 184)
   defining Unicode char U+00BF (decimal 191)
   defining Unicode char U+00C5 (decimal 197)
   defining Unicode char U+00C6 (decimal 198)
   defining Unicode char U+00D8 (decimal 216)
   defining Unicode char U+00DF (decimal 223)
   defining Unicode char U+00E6 (decimal 230)
   defining Unicode char U+00EC (decimal 236)
   defining Unicode char U+00ED (decimal 237)
   defining Unicode char U+00EE (decimal 238)
   defining Unicode char U+00EF (decimal 239)
   defining Unicode char U+00F8 (decimal 248)
   defining Unicode char U+0131 (decimal 305)
   defining Unicode char U+0141 (decimal 321)
   defining Unicode char U+0142 (decimal 322)
   defining Unicode char U+0152 (decimal 338)
   defining Unicode char U+0153 (decimal 339)
   defining Unicode char U+0174 (decimal 372)
   defining Unicode char U+0175 (decimal 373)
   defining Unicode char U+0176 (decimal 374)
   defining Unicode char U+0177 (decimal 375)
   defining Unicode char U+0218 (decimal 536)
   defining Unicode char U+0219 (decimal 537)
   defining Unicode char U+021A (decimal 538)
   defining Unicode char U+021B (decimal 539)
   defining Unicode char U+2013 (decimal 8211)
   defining Unicode char U+2014 (decimal 8212)
   defining Unicode char U+2018 (decimal 8216)
   defining Unicode char U+2019 (decimal 8217)
   defining Unicode char U+201C (decimal 8220)
   defining Unicode char U+201D (decimal 8221)
)
Now handling font encoding OMS ...
... processing UTF-8 mapping file for font encoding OMS

(/usr/share/texlive/texmf-dist/tex/latex/base/omsenc.dfu
File: omsenc.dfu 2015/12/03 v1.1r UTF-8 support for inputenc
   defining Unicode char U+00A7 (decimal 167)
   defining Unicode char U+00B6 (decimal 182)
   defining Unicode char U+00B7 (decimal 183)
   defining Unicode char U+2020 (decimal 8224)
   defining Unicode char U+2021 (decimal 8225)
   defining Unicode char U+2022 (decimal 8226)
)
Now handling font encoding OMX ...
... no UTF-8 mapping file for font encoding OMX
Now handling font encoding U ...
... no UTF-8 mapping file for font encoding U
   defining Unicode char U+00A9 (decimal 169)
   defining Unicode char U+00AA (decimal 170)
   defining Unicode char U+00AE (decimal 174)
   defining Unicode char U+00BA (decimal 186)
   defining Unicode char U+02C6 (decimal 710)
   defining Unicode char U+02DC (decimal 732)
   defining Unicode char U+200C (decimal 8204)
   defining Unicode char U+2026 (decimal 8230)
   defining Unicode char U+2122 (decimal 8482)
   defining Unicode char U+2423 (decimal 9251)
))
(/usr/share/texlive/texmf-dist/tex/latex/base/utf8.def
File: utf8.def 2015/12/03 v1.1r UTF-8 support for inputenc
Now handling font encoding OML ...
... no UTF-8 mapping file for font encoding OML
Now handling font encoding T1 ...
... processing UTF-8 mapping file for font encoding T1

(/usr/share/texlive/texmf-dist/tex/latex/base/t1enc.dfu
File: t1enc.dfu 2015/12/03 v1.1r UTF-8 support for inputenc
   defining Unicode char U+00A0 (decimal 160)
   defining Unicode char U+00A1 (decimal 161)
   defining Unicode char U+00A3 (decimal 163)
   defining Unicode char U+00AB (decimal 171)
   defining Unicode char U+00AD (decimal 173)
   defining Unicode char U+00BB (decimal 187)
   defining Unicode char U+00BF (decimal 191)
   defining Unicode char U+00C0 (decimal 192)
   defining Unicode char U+00C1 (decimal 193)
   defining Unicode char U+00C2 (decimal 194)
   defining Unicode char U+00C3 (decimal 195)
   defining Unicode char U+00C4 (decimal 196)
   defining Unicode char U+00C5 (decimal 197)
   defining Unicode char U+00C6 (decimal 198)
   defining Unicode char U+00C7 (decimal 199)
   defining Unicode char U+00C8 (decimal 200)
   defining Unicode char U+00C9 (decimal 201)
   defining Unicode char U+00CA (decimal 202)
   defining Unicode char U+00CB (decimal 203)
   defining Unicode char U+00CC (decimal 204)
   defining Unicode char U+00CD (decimal 205)
   defining Unicode char U+00CE (decimal 206)
   defining Unicode char U+00CF (decimal 207)
   defining Unicode char U+00D0 (decimal 208)
   defining Unicode char U+00D1 (decimal 209)
   defining Unicode char U+00D2 (decimal 210)
   defining Unicode char U+00D3 (decimal 211)
   defining Unicode char U+00D4 (decimal 212)
   defining Unicode char U+00D5 (decimal 213)
   defining Unicode char U+00D6 (decimal 214)
   defining Unicode char U+00D8 (decimal 216)
   defining Unicode char U+00D9 (decimal 217)
   defining Unicode char U+00DA (decimal 218)
   defining Unicode char U+00DB (decimal 219)
   defining Unicode char U+00DC (decimal 220)
   defining Unicode char U+00DD (decimal 221)
   defining Unicode char U+00DE (decimal 222)
   defining Unicode char U+00DF (decimal 223)
   defining Unicode char U+00E0 (decimal 224)
   defining Unicode char U+00E1 (decimal 225)
   defining Unicode char U+00E2 (decimal 226)
   defining Unicode char U+00E3 (decimal 227)
   defining Unicode char U+00E4 (decimal 228)
   defining Unicode char U+00E5 (decimal 229)
   defining Unicode char U+00E6 (decimal 230)
   defining Unicode char U+00E7 (decimal 231)
   defining Unicode char U+00E8 (decimal 232)
   defining Unicode char U+00E9 (decimal 233)
   defining Unicode char U+00EA (decimal 234)
   defining Unicode char U+00EB (decimal 235)
   defining Unicode char U+00EC (decimal 236)
   defining Unicode char U+00ED (decimal 237)
   defining Unicode char U+00EE (decimal 238)
   defining Unicode char U+00EF (decimal 239)
   defining Unicode char U+00F0 (decimal 240)
   defining Unicode char U+00F1 (decimal 241)
   defining Unicode char U+00F2 (decimal 242)
   defining Unicode char U+00F3 (decimal 243)
   defining Unicode char U+00F4 (decimal 244)
   defining Unicode char U+00F5 (decimal 245)
   defining Unicode char U+00F6 (decimal 246)
   defining Unicode char U+00F8 (decimal 248)
   defining Unicode char U+00F9 (decimal 249)
   defining Unicode char U+00FA (decimal 250)
   defining Unicode char U+00FB (decimal 251)
   defining Unicode char U+00FC (decimal 252)
   defining Unicode char U+00FD (decimal 253)
   defining Unicode char U+00FE (decimal 254)
   defining Unicode char U+00FF (decimal 255)
   defining Unicode char U+0100 (decimal 256)
   defining Unicode char U+0101 (decimal 257)
   defining Unicode char U+0102 (decimal 258)
   defining Unicode char U+0103 (decimal 259)
   defining Unicode char U+0104 (decimal 260)
   defining Unicode char U+0105 (decimal 261)
   defining Unicode char U+0106 (decimal 262)
   defining Unicode char U+0107 (decimal 263)
   defining Unicode char U+0108 (decimal 264)
   defining Unicode char U+0109 (decimal 265)
   defining Unicode char U+010A (decimal 266)
   defining Unicode char U+010B (decimal 267)
   defining Unicode char U+010C (decimal 268)
   defining Unicode char U+010D (decimal 269)
   defining Unicode char U+010E (decimal 270)
   defining Unicode char U+010F (decimal 271)
   defining Unicode char U+0110 (decimal 272)
   defining Unicode char U+0111 (decimal 273)
   defining Unicode char U+0112 (decimal 274)
   defining Unicode char U+0113 (decimal 275)
   defining Unicode char U+0114 (decimal 276)
   defining Unicode char U+0115 (decimal 277)
   defining Unicode char U+0116 (decimal 278)
   defining Unicode char U+0117 (decimal 279)
   defining Unicode char U+0118 (decimal 280)
   defining Unicode char U+0119 (decimal 281)
   defining Unicode char U+011A (decimal 282)
   defining Unicode char U+011B (decimal 283)
   defining Unicode char U+011C (decimal 284)
   defining Unicode char U+011D (decimal 285)
   defining Unicode char U+011E (decimal 286)
   defining Unicode char U+011F (decimal 287)
   defining Unicode char U+0120 (decimal 288)
   defining Unicode char U+0121 (decimal 289)
   defining Unicode char U+0122 (decimal 290)
   defining Unicode char U+0123 (decimal 291)
   defining Unicode char U+0124 (decimal 292)
   defining Unicode char U+0125 (decimal 293)
   defining Unicode char U+0128 (decimal 296)
   defining Unicode char U+0129 (decimal 297)
   defining Unicode char U+012A (decimal 298)
   defining Unicode char U+012B (decimal 299)
   defining Unicode char U+012C (decimal 300)
   defining Unicode char U+012D (decimal 301)
   defining Unicode char U+012E (decimal 302)
   defining Unicode char U+012F (decimal 303)
   defining Unicode char U+0130 (decimal 304)
   defining Unicode char U+0131 (decimal 305)
   defining Unicode char U+0132 (decimal 306)
   defining Unicode char U+0133 (decimal 307)
   defining Unicode char U+0134 (decimal 308)
   defining Unicode char U+0135 (decimal 309)
   defining Unicode char U+0136 (decimal 310)
   defining Unicode char U+0137 (decimal 311)
   defining Unicode char U+0139 (decimal 313)
   defining Unicode char U+013A (decimal 314)
   defining Unicode char U+013B (decimal 315)
   defining Unicode char U+013C (decimal 316)
   defining Unicode char U+013D (decimal 317)
   defining Unicode char U+013E (decimal 318)
   defining Unicode char U+0141 (decimal 321)
   defining Unicode char U+0142 (decimal 322)
   defining Unicode char U+0143 (decimal 323)
   defining Unicode char U+0144 (decimal 324)
   defining Unicode char U+0145 (decimal 325)
   defining Unicode char U+0146 (decimal 326)
   defining Unicode char U+0147 (decimal 327)
   defining Unicode char U+0148 (decimal 328)
   defining Unicode char U+014A (decimal 330)
   defining Unicode char U+014B (decimal 331)
   defining Unicode char U+014C (decimal 332)
   defining Unicode char U+014D (decimal 333)
   defining Unicode char U+014E (decimal 334)
   defining Unicode char U+014F (decimal 335)
   defining Unicode char U+0150 (decimal 336)
   defining Unicode char U+0151 (decimal 337)
   defining Unicode char U+0152 (decimal 338)
   defining Unicode char U+0153 (decimal 339)
   defining Unicode char U+0154 (decimal 340)
   defining Unicode char U+0155 (decimal 341)
   defining Unicode char U+0156 (decimal 342)
   defining Unicode char U+0157 (decimal 343)
   defining Unicode char U+0158 (decimal 344)
   defining Unicode char U+0159 (decimal 345)
   defining Unicode char U+015A (decimal 346)
   defining Unicode char U+015B (decimal 347)
   defining Unicode char U+015C (decimal 348)
   defining Unicode char U+015D (decimal 349)
   defining Unicode char U+015E (decimal 350)
   defining Unicode char U+015F (decimal 351)
   defining Unicode char U+0160 (decimal 352)
   defining Unicode char U+0161 (decimal 353)
   defining Unicode char U+0162 (decimal 354)
   defining Unicode char U+0163 (decimal 355)
   defining Unicode char U+0164 (decimal 356)
   defining Unicode char U+0165 (decimal 357)
   defining Unicode char U+0168 (decimal 360)
   defining Unicode char U+0169 (decimal 361)
   defining Unicode char U+016A (decimal 362)
   defining Unicode char U+016B (decimal 363)
   defining Unicode char U+016C (decimal 364)
   defining Unicode char U+016D (decimal 365)
   defining Unicode char U+016E (decimal 366)
   defining Unicode char U+016F (decimal 367)
   defining Unicode char U+0170 (decimal 368)
   defining Unicode char U+0171 (decimal 369)
   defining Unicode char U+0172 (decimal 370)
   defining Unicode char U+0173 (decimal 371)
   defining Unicode char U+0174 (decimal 372)
   defining Unicode char U+0175 (decimal 373)
   defining Unicode char U+0176 (decimal 374)
   defining Unicode char U+0177 (decimal 375)
   defining Unicode char U+0178 (decimal 376)
   defining Unicode char U+0179 (decimal 377)
   defining Unicode char U+017A (decimal 378)
   defining Unicode char U+017B (decimal 379)
   defining Unicode char U+017C (decimal 380)
   defining Unicode char U+017D (decimal 381)
   defining Unicode char U+017E (decimal 382)
   defining Unicode char U+01CD (decimal 461)
   defining Unicode char U+01CE (decimal 462)
   defining Unicode char U+01CF (decimal 463)
   defining Unicode char U+01D0 (decimal 464)
   defining Unicode char U+01D1 (decimal 465)
   defining Unicode char U+01D2 (decimal 466)
   defining Unicode char U+01D3 (decimal 467)
   defining Unicode char U+01D4 (decimal 468)
   defining Unicode char U+01E2 (decimal 482)
   defining Unicode char U+01E3 (decimal 483)
   defining Unicode char U+01E6 (decimal 486)
   defining Unicode char U+01E7 (decimal 487)
   defining Unicode char U+01E8 (decimal 488)
   defining Unicode char U+01E9 (decimal 489)
   defining Unicode char U+01EA (decimal 490)
   defining Unicode char U+01EB (decimal 491)
   defining Unicode char U+01F0 (decimal 496)
   defining Unicode char U+01F4 (decimal 500)
   defining Unicode char U+01F5 (decimal 501)
   defining Unicode char U+0218 (decimal 536)
   defining Unicode char U+0219 (decimal 537)
   defining Unicode char U+021A (decimal 538)
   defining Unicode char U+021B (decimal 539)
   defining Unicode char U+01E02 (decimal 7682)
   defining Unicode char U+01E03 (decimal 7683)
   defining Unicode char U+200C (decimal 8204)
   defining Unicode char U+2013 (decimal 8211)
   defining Unicode char U+2014 (decimal 8212)
   defining Unicode char U+2018 (decimal 8216)
   defining Unicode char U+2019 (decimal 8217)
   defining Unicode char U+201A (decimal 8218)
   defining Unicode char U+201C (decimal 8220)
   defining Unicode char U+201D (decimal 8221)
   defining Unicode char U+201E (decimal 8222)
   defining Unicode char U+2030 (decimal 8240)
   defining Unicode char U+2031 (decimal 8241)
   defining Unicode char U+2039 (decimal 8249)
   defining Unicode char U+203A (decimal 8250)
   defining Unicode char U+2423 (decimal 9251)
)
Now handling font encoding OT1 ...
... processing UTF-8 mapping file for font encoding OT1

(/usr/share/texlive/texmf-dist/tex/latex/base/ot1enc.dfu
File: ot1enc.dfu 2015/12/03 v1.1r UTF-8 support for inputenc
   defining Unicode char U+00A0 (decimal 160)
   defining Unicode char U+00A1 (decimal 161)
   defining Unicode char U+00A3 (decimal 163)
   defining Unicode char U+00AD (decimal 173)
   defining Unicode char U+00B8 (decimal 184)
   defining Unicode char U+00BF (decimal 191)
   defining Unicode char U+00C5 (decimal 197)
   defining Unicode char U+00C6 (decimal 198)
   defining Unicode char U+00D8 (decimal 216)
   defining Unicode char U+00DF (decimal 223)
   defining Unicode char U+00E6 (decimal 230)
   defining Unicode char U+00EC (decimal 236)
   defining Unicode char U+00ED (decimal 237)
   defining Unicode char U+00EE (decimal 238)
   defining Unicode char U+00EF (decimal 239)
   defining Unicode char U+00F8 (decimal 248)
   defining Unicode char U+0131 (decimal 305)
   defining Unicode char U+0141 (decimal 321)
   defining Unicode char U+0142 (decimal 322)
   defining Unicode char U+0152 (decimal 338)
   defining Unicode char U+0153 (decimal 339)
   defining Unicode char U+0174 (decimal 372)
   defining Unicode char U+0175 (decimal 373)
   defining Unicode char U+0176 (decimal 374)
   defining Unicode char U+0177 (decimal 375)
   defining Unicode char U+0218 (decimal 536)
   defining Unicode char U+0219 (decimal 537)
   defining Unicode char U+021A (decimal 538)
   defining Unicode char U+021B (decimal 539)
   defining Unicode char U+2013 (decimal 8211)
   defining Unicode char U+2014 (decimal 8212)
   defining Unicode char U+2018 (decimal 8216)
   defining Unicode char U+2019 (decimal 8217)
   defining Unicode char U+201C (decimal 8220)
   defining Unicode char U+201D (decimal 8221)
)
Now handling font encoding OMS ...
... processing UTF-8 mapping file for font encoding OMS

(/usr/share/texlive/texmf-dist/tex/latex/base/omsenc.dfu
File: omsenc.dfu 2015/12/03 v1.1r UTF-8 support for inputenc
   defining Unicode char U+00A7 (decimal 167)
   defining Unicode char U+00B6 (decimal 182)
   defining Unicode char U+00B7 (decimal 183)
   defining Unicode char U+2020 (decimal 8224)
   defining Unicode char U+2021 (decimal 8225)
   defining Unicode char U+2022 (decimal 8226)
)
Now handling font encoding OMX ...
... no UTF-8 mapping file for font encoding OMX
Now handling font encoding U ...
... no UTF-8 mapping file for font encoding U
   defining Unicode char U+00A9 (decimal 169)
   defining Unicode char U+00AA (decimal 170)
   defining Unicode char U+00AE (decimal 174)
   defining Unicode char U+00BA (decimal 186)
   defining Unicode char U+02C6 (decimal 710)
   defining Unicode char U+02DC (decimal 732)
   defining Unicode char U+200C (decimal 8204)
   defining Unicode char U+2026 (decimal 8230)
   defining Unicode char U+2122 (decimal 8482)
   defining Unicode char U+2423 (decimal 9251)
)
(/usr/share/texlive/texmf-dist/tex/latex/url/url.sty
\Urlmuskip=\muskip10
Package: url 2013/09/16  ver 3.4  Verb mode for urls, etc.
)
(/usr/share/texlive/texmf-dist/tex/latex/graphics/graphicx.sty
Package: graphicx 2014/10/28 v1.0g Enhanced LaTeX Graphics (DPC,SPQR)

(/usr/share/texlive/texmf-dist/tex/latex/graphics/keyval.sty
Package: keyval 2014/10/28 v1.15 key=value parser (DPC)
\KV@toks@=\toks16
)
(/usr/share/texlive/texmf-dist/tex/latex/graphics/graphics.sty
Package: graphics 2016/01/03 v1.0q Standard LaTeX Graphics (DPC,SPQR)

(/usr/share/texlive/texmf-dist/tex/latex/graphics/trig.sty
Package: trig 2016/01/03 v1.10 sin cos tan (DPC)
)
(/usr/share/texlive/texmf-dist/tex/latex/latexconfig/graphics.cfg
File: graphics.cfg 2010/04/23 v1.9 graphics configuration of TeX Live
)
Package graphics Info: Driver file: pdftex.def on input line 95.

(/usr/share/texlive/texmf-dist/tex/latex/pdftex-def/pdftex.def
File: pdftex.def 2011/05/27 v0.06d Graphics/color for pdfTeX

(/usr/share/texlive/texmf-dist/tex/generic/oberdiek/infwarerr.sty
Package: infwarerr 2010/04/08 v1.3 Providing info/warning/error messages (HO)
)
(/usr/share/texlive/texmf-dist/tex/generic/oberdiek/ltxcmds.sty
Package: ltxcmds 2011/11/09 v1.22 LaTeX kernel commands for general use (HO)
)
\Gread@gobject=\count88
))
\Gin@req@height=\dimen104
\Gin@req@width=\dimen105
)
(/usr/share/texlive/texmf-dist/tex/latex/caption/caption.sty
Package: caption 2016/02/21 v3.3-144 Customizing captions (AR)

(/usr/share/texlive/texmf-dist/tex/latex/caption/caption3.sty
Package: caption3 2016/02/04 v1.7-139 caption3 kernel (AR)
Package caption3 Info: TeX engine: e-TeX on input line 67.
\captionmargin=\dimen106
\captionmargin@=\dimen107
\captionwidth=\dimen108
\caption@tempdima=\dimen109
\caption@indent=\dimen110
\caption@parindent=\dimen111
\caption@hangindent=\dimen112
)
\c@ContinuedFloat=\count89
)
(/usr/share/texlive/texmf-dist/tex/latex/caption/subcaption.sty
Package: subcaption 2016/02/20 v1.1-142 Sub-captions (AR)
\c@subfigure=\count90
\c@subtable=\count91
)
(/usr/share/texlive/texmf-dist/tex/latex/natbib/natbib.sty
Package: natbib 2010/09/13 8.31b (PWD, AO)
\bibhang=\skip43
\bibsep=\skip44
LaTeX Info: Redefining \cite on input line 694.
\c@NAT@ctr=\count92
)
(/usr/share/texlive/texmf-dist/tex/latex/tools/enumerate.sty
Package: enumerate 2015/07/23 v3.00 enumerate extensions (DPC)
\@enLab=\toks17
)
(/usr/share/texlive/texmf-dist/tex/latex/amsmath/amsmath.sty
Package: amsmath 2016/03/03 v2.15a AMS math features
\@mathmargin=\skip45

For additional information on amsmath, use the `?' option.
(/usr/share/texlive/texmf-dist/tex/latex/amsmath/amstext.sty
Package: amstext 2000/06/29 v2.01 AMS text

(/usr/share/texlive/texmf-dist/tex/latex/amsmath/amsgen.sty
File: amsgen.sty 1999/11/30 v2.0 generic functions
\@emptytoks=\toks18
\ex@=\dimen113
))
(/usr/share/texlive/texmf-dist/tex/latex/amsmath/amsbsy.sty
Package: amsbsy 1999/11/29 v1.2d Bold Symbols
\pmbraise@=\dimen114
)
(/usr/share/texlive/texmf-dist/tex/latex/amsmath/amsopn.sty
Package: amsopn 1999/12/14 v2.01 operator names
)
\inf@bad=\count93
LaTeX Info: Redefining \frac on input line 199.
\uproot@=\count94
\leftroot@=\count95
LaTeX Info: Redefining \overline on input line 297.
\classnum@=\count96
\DOTSCASE@=\count97
LaTeX Info: Redefining \ldots on input line 394.
LaTeX Info: Redefining \dots on input line 397.
LaTeX Info: Redefining \cdots on input line 518.
\Mathstrutbox@=\box26
\strutbox@=\box27
\big@size=\dimen115
LaTeX Font Info:    Redeclaring font encoding OML on input line 630.
LaTeX Font Info:    Redeclaring font encoding OMS on input line 631.
\macc@depth=\count98
\c@MaxMatrixCols=\count99
\dotsspace@=\muskip11
\c@parentequation=\count100
\dspbrk@lvl=\count101
\tag@help=\toks19
\row@=\count102
\column@=\count103
\maxfields@=\count104
\andhelp@=\toks20
\eqnshift@=\dimen116
\alignsep@=\dimen117
\tagshift@=\dimen118
\tagwidth@=\dimen119
\totwidth@=\dimen120
\lineht@=\dimen121
\@envbody=\toks21
\multlinegap=\skip46
\multlinetaggap=\skip47
\mathdisplay@stack=\toks22
LaTeX Info: Redefining \[ on input line 2735.
LaTeX Info: Redefining \] on input line 2736.
)
(/usr/share/texlive/texmf-dist/tex/latex/oberdiek/epstopdf.sty
Package: epstopdf 2010/02/09 v2.5 Conversion with epstopdf on the fly (HO)

(/usr/share/texlive/texmf-dist/tex/latex/oberdiek/epstopdf-base.sty
Package: epstopdf-base 2010/02/09 v2.5 Base part for package epstopdf

(/usr/share/texlive/texmf-dist/tex/latex/oberdiek/grfext.sty
Package: grfext 2010/08/19 v1.1 Manage graphics extensions (HO)

(/usr/share/texlive/texmf-dist/tex/generic/oberdiek/kvdefinekeys.sty
Package: kvdefinekeys 2011/04/07 v1.3 Define keys (HO)
))
(/usr/share/texlive/texmf-dist/tex/latex/oberdiek/kvoptions.sty
Package: kvoptions 2011/06/30 v3.11 Key value format for package options (HO)

(/usr/share/texlive/texmf-dist/tex/generic/oberdiek/kvsetkeys.sty
Package: kvsetkeys 2012/04/25 v1.16 Key value parser (HO)

(/usr/share/texlive/texmf-dist/tex/generic/oberdiek/etexcmds.sty
Package: etexcmds 2011/02/16 v1.5 Avoid name clashes with e-TeX commands (HO)

(/usr/share/texlive/texmf-dist/tex/generic/oberdiek/ifluatex.sty
Package: ifluatex 2010/03/01 v1.3 Provides the ifluatex switch (HO)
Package ifluatex Info: LuaTeX not detected.
)
Package etexcmds Info: Could not find \expanded.
(etexcmds)             That can mean that you are not using pdfTeX 1.50 or
(etexcmds)             that some package has redefined \expanded.
(etexcmds)             In the latter case, load this package earlier.
)))
(/usr/share/texlive/texmf-dist/tex/generic/oberdiek/pdftexcmds.sty
Package: pdftexcmds 2011/11/29 v0.20 Utility functions of pdfTeX for LuaTeX (HO
)

(/usr/share/texlive/texmf-dist/tex/generic/oberdiek/ifpdf.sty
Package: ifpdf 2011/01/30 v2.3 Provides the ifpdf switch (HO)
Package ifpdf Info: pdfTeX in PDF mode is detected.
)
Package pdftexcmds Info: LuaTeX not detected.
Package pdftexcmds Info: \pdf@primitive is available.
Package pdftexcmds Info: \pdf@ifprimitive is available.
Package pdftexcmds Info: \pdfdraftmode found.
)
Package grfext Info: Graphics extension search list:
(grfext)             [.png,.pdf,.jpg,.mps,.jpeg,.jbig2,.jb2,.PNG,.PDF,.JPG,.JPE
G,.JBIG2,.JB2,.eps]
(grfext)             \AppendGraphicsExtensions on input line 452.

(/usr/share/texlive/texmf-dist/tex/latex/latexconfig/epstopdf-sys.cfg
File: epstopdf-sys.cfg 2010/07/13 v1.3 Configuration of (r)epstopdf for TeX Liv
e
)))
(/usr/share/texlive/texmf-dist/tex/latex/float/float.sty
Package: float 2001/11/08 v1.3d Float enhancements (AL)
\c@float@type=\count105
\float@exts=\toks23
\float@box=\box28
\@float@everytoks=\toks24
\@floatcapt=\box29
)
(/usr/share/texlive/texmf-dist/tex/latex/a4wide/a4wide.sty
Package: a4wide 1994/08/30

(/usr/share/texlive/texmf-dist/tex/latex/ntgclass/a4.sty
Package: a4 2004/04/15 v1.2g A4 based page layout
))
(/usr/share/texlive/texmf-dist/tex/latex/amsfonts/amsfonts.sty
Package: amsfonts 2013/01/14 v3.01 Basic AMSFonts support
\symAMSa=\mathgroup4
\symAMSb=\mathgroup5
LaTeX Font Info:    Overwriting math alphabet `\mathfrak' in version `bold'
(Font)                  U/euf/m/n --> U/euf/b/n on input line 106.
)
(/usr/share/texlive/texmf-dist/tex/latex/wrapfig/wrapfig.sty
\wrapoverhang=\dimen122
\WF@size=\dimen123
\c@WF@wrappedlines=\count106
\WF@box=\box30
\WF@everypar=\toks25
Package: wrapfig 2003/01/31  v 3.6
)
(/usr/share/texlive/texmf-dist/tex/latex/pgf/frontendlayer/tikz.sty
(/usr/share/texlive/texmf-dist/tex/latex/pgf/basiclayer/pgf.sty
(/usr/share/texlive/texmf-dist/tex/latex/pgf/utilities/pgfrcs.sty
(/usr/share/texlive/texmf-dist/tex/generic/pgf/utilities/pgfutil-common.tex
\pgfutil@everybye=\toks26
\pgfutil@tempdima=\dimen124
\pgfutil@tempdimb=\dimen125

(/usr/share/texlive/texmf-dist/tex/generic/pgf/utilities/pgfutil-common-lists.t
ex)) (/usr/share/texlive/texmf-dist/tex/generic/pgf/utilities/pgfutil-latex.def
\pgfutil@abb=\box31
(/usr/share/texlive/texmf-dist/tex/latex/ms/everyshi.sty
Package: everyshi 2001/05/15 v3.00 EveryShipout Package (MS)
))
(/usr/share/texlive/texmf-dist/tex/generic/pgf/utilities/pgfrcs.code.tex
Package: pgfrcs 2015/08/07 v3.0.1a (rcs-revision 1.31)
))
Package: pgf 2015/08/07 v3.0.1a (rcs-revision 1.15)

(/usr/share/texlive/texmf-dist/tex/latex/pgf/basiclayer/pgfcore.sty
(/usr/share/texlive/texmf-dist/tex/latex/pgf/systemlayer/pgfsys.sty
(/usr/share/texlive/texmf-dist/tex/generic/pgf/systemlayer/pgfsys.code.tex
Package: pgfsys 2014/07/09 v3.0.1a (rcs-revision 1.48)

(/usr/share/texlive/texmf-dist/tex/generic/pgf/utilities/pgfkeys.code.tex
\pgfkeys@pathtoks=\toks27
\pgfkeys@temptoks=\toks28

(/usr/share/texlive/texmf-dist/tex/generic/pgf/utilities/pgfkeysfiltered.code.t
ex
\pgfkeys@tmptoks=\toks29
))
\pgf@x=\dimen126
\pgf@y=\dimen127
\pgf@xa=\dimen128
\pgf@ya=\dimen129
\pgf@xb=\dimen130
\pgf@yb=\dimen131
\pgf@xc=\dimen132
\pgf@yc=\dimen133
\w@pgf@writea=\write3
\r@pgf@reada=\read1
\c@pgf@counta=\count107
\c@pgf@countb=\count108
\c@pgf@countc=\count109
\c@pgf@countd=\count110
\t@pgf@toka=\toks30
\t@pgf@tokb=\toks31
\t@pgf@tokc=\toks32
 (/usr/share/texlive/texmf-dist/tex/generic/pgf/systemlayer/pgf.cfg
File: pgf.cfg 2008/05/14  (rcs-revision 1.7)
)
Driver file for pgf: pgfsys-pdftex.def

(/usr/share/texlive/texmf-dist/tex/generic/pgf/systemlayer/pgfsys-pdftex.def
File: pgfsys-pdftex.def 2014/10/11  (rcs-revision 1.35)

(/usr/share/texlive/texmf-dist/tex/generic/pgf/systemlayer/pgfsys-common-pdf.de
f
File: pgfsys-common-pdf.def 2013/10/10  (rcs-revision 1.13)
)))
(/usr/share/texlive/texmf-dist/tex/generic/pgf/systemlayer/pgfsyssoftpath.code.
tex
File: pgfsyssoftpath.code.tex 2013/09/09  (rcs-revision 1.9)
\pgfsyssoftpath@smallbuffer@items=\count111
\pgfsyssoftpath@bigbuffer@items=\count112
)
(/usr/share/texlive/texmf-dist/tex/generic/pgf/systemlayer/pgfsysprotocol.code.
tex
File: pgfsysprotocol.code.tex 2006/10/16  (rcs-revision 1.4)
)) (/usr/share/texlive/texmf-dist/tex/latex/xcolor/xcolor.sty
Package: xcolor 2007/01/21 v2.11 LaTeX color extensions (UK)

(/usr/share/texlive/texmf-dist/tex/latex/latexconfig/color.cfg
File: color.cfg 2007/01/18 v1.5 color configuration of teTeX/TeXLive
)
Package xcolor Info: Driver file: pdftex.def on input line 225.
Package xcolor Info: Model `cmy' substituted by `cmy0' on input line 1337.
Package xcolor Info: Model `hsb' substituted by `rgb' on input line 1341.
Package xcolor Info: Model `RGB' extended on input line 1353.
Package xcolor Info: Model `HTML' substituted by `rgb' on input line 1355.
Package xcolor Info: Model `Hsb' substituted by `hsb' on input line 1356.
Package xcolor Info: Model `tHsb' substituted by `hsb' on input line 1357.
Package xcolor Info: Model `HSB' substituted by `hsb' on input line 1358.
Package xcolor Info: Model `Gray' substituted by `gray' on input line 1359.
Package xcolor Info: Model `wave' substituted by `hsb' on input line 1360.
)
(/usr/share/texlive/texmf-dist/tex/generic/pgf/basiclayer/pgfcore.code.tex
Package: pgfcore 2010/04/11 v3.0.1a (rcs-revision 1.7)

(/usr/share/texlive/texmf-dist/tex/generic/pgf/math/pgfmath.code.tex
(/usr/share/texlive/texmf-dist/tex/generic/pgf/math/pgfmathcalc.code.tex
(/usr/share/texlive/texmf-dist/tex/generic/pgf/math/pgfmathutil.code.tex)
(/usr/share/texlive/texmf-dist/tex/generic/pgf/math/pgfmathparser.code.tex
\pgfmath@dimen=\dimen134
\pgfmath@count=\count113
\pgfmath@box=\box32
\pgfmath@toks=\toks33
\pgfmath@stack@operand=\toks34
\pgfmath@stack@operation=\toks35
)
(/usr/share/texlive/texmf-dist/tex/generic/pgf/math/pgfmathfunctions.code.tex
(/usr/share/texlive/texmf-dist/tex/generic/pgf/math/pgfmathfunctions.basic.code
.tex)
(/usr/share/texlive/texmf-dist/tex/generic/pgf/math/pgfmathfunctions.trigonomet
ric.code.tex)
(/usr/share/texlive/texmf-dist/tex/generic/pgf/math/pgfmathfunctions.random.cod
e.tex)
(/usr/share/texlive/texmf-dist/tex/generic/pgf/math/pgfmathfunctions.comparison
.code.tex)
(/usr/share/texlive/texmf-dist/tex/generic/pgf/math/pgfmathfunctions.base.code.
tex)
(/usr/share/texlive/texmf-dist/tex/generic/pgf/math/pgfmathfunctions.round.code
.tex)
(/usr/share/texlive/texmf-dist/tex/generic/pgf/math/pgfmathfunctions.misc.code.
tex)
(/usr/share/texlive/texmf-dist/tex/generic/pgf/math/pgfmathfunctions.integerari
thmetics.code.tex)))
(/usr/share/texlive/texmf-dist/tex/generic/pgf/math/pgfmathfloat.code.tex
\c@pgfmathroundto@lastzeros=\count114
))
(/usr/share/texlive/texmf-dist/tex/generic/pgf/basiclayer/pgfcorepoints.code.te
x
File: pgfcorepoints.code.tex 2013/10/07  (rcs-revision 1.27)
\pgf@picminx=\dimen135
\pgf@picmaxx=\dimen136
\pgf@picminy=\dimen137
\pgf@picmaxy=\dimen138
\pgf@pathminx=\dimen139
\pgf@pathmaxx=\dimen140
\pgf@pathminy=\dimen141
\pgf@pathmaxy=\dimen142
\pgf@xx=\dimen143
\pgf@xy=\dimen144
\pgf@yx=\dimen145
\pgf@yy=\dimen146
\pgf@zx=\dimen147
\pgf@zy=\dimen148
)
(/usr/share/texlive/texmf-dist/tex/generic/pgf/basiclayer/pgfcorepathconstruct.
code.tex
File: pgfcorepathconstruct.code.tex 2013/10/07  (rcs-revision 1.29)
\pgf@path@lastx=\dimen149
\pgf@path@lasty=\dimen150
)
(/usr/share/texlive/texmf-dist/tex/generic/pgf/basiclayer/pgfcorepathusage.code
.tex
File: pgfcorepathusage.code.tex 2014/11/02  (rcs-revision 1.24)
\pgf@shorten@end@additional=\dimen151
\pgf@shorten@start@additional=\dimen152
)
(/usr/share/texlive/texmf-dist/tex/generic/pgf/basiclayer/pgfcorescopes.code.te
x
File: pgfcorescopes.code.tex 2015/05/08  (rcs-revision 1.46)
\pgfpic=\box33
\pgf@hbox=\box34
\pgf@layerbox@main=\box35
\pgf@picture@serial@count=\count115
)
(/usr/share/texlive/texmf-dist/tex/generic/pgf/basiclayer/pgfcoregraphicstate.c
ode.tex
File: pgfcoregraphicstate.code.tex 2014/11/02  (rcs-revision 1.12)
\pgflinewidth=\dimen153
)
(/usr/share/texlive/texmf-dist/tex/generic/pgf/basiclayer/pgfcoretransformation
s.code.tex
File: pgfcoretransformations.code.tex 2015/08/07  (rcs-revision 1.20)
\pgf@pt@x=\dimen154
\pgf@pt@y=\dimen155
\pgf@pt@temp=\dimen156
)
(/usr/share/texlive/texmf-dist/tex/generic/pgf/basiclayer/pgfcorequick.code.tex
File: pgfcorequick.code.tex 2008/10/09  (rcs-revision 1.3)
)
(/usr/share/texlive/texmf-dist/tex/generic/pgf/basiclayer/pgfcoreobjects.code.t
ex
File: pgfcoreobjects.code.tex 2006/10/11  (rcs-revision 1.2)
)
(/usr/share/texlive/texmf-dist/tex/generic/pgf/basiclayer/pgfcorepathprocessing
.code.tex
File: pgfcorepathprocessing.code.tex 2013/09/09  (rcs-revision 1.9)
)
(/usr/share/texlive/texmf-dist/tex/generic/pgf/basiclayer/pgfcorearrows.code.te
x
File: pgfcorearrows.code.tex 2015/05/14  (rcs-revision 1.43)
\pgfarrowsep=\dimen157
)
(/usr/share/texlive/texmf-dist/tex/generic/pgf/basiclayer/pgfcoreshade.code.tex
File: pgfcoreshade.code.tex 2013/07/15  (rcs-revision 1.15)
\pgf@max=\dimen158
\pgf@sys@shading@range@num=\count116
)
(/usr/share/texlive/texmf-dist/tex/generic/pgf/basiclayer/pgfcoreimage.code.tex
File: pgfcoreimage.code.tex 2013/07/15  (rcs-revision 1.18)

(/usr/share/texlive/texmf-dist/tex/generic/pgf/basiclayer/pgfcoreexternal.code.
tex
File: pgfcoreexternal.code.tex 2014/07/09  (rcs-revision 1.21)
\pgfexternal@startupbox=\box36
))
(/usr/share/texlive/texmf-dist/tex/generic/pgf/basiclayer/pgfcorelayers.code.te
x
File: pgfcorelayers.code.tex 2013/07/18  (rcs-revision 1.7)
)
(/usr/share/texlive/texmf-dist/tex/generic/pgf/basiclayer/pgfcoretransparency.c
ode.tex
File: pgfcoretransparency.code.tex 2013/09/30  (rcs-revision 1.5)
)
(/usr/share/texlive/texmf-dist/tex/generic/pgf/basiclayer/pgfcorepatterns.code.
tex
File: pgfcorepatterns.code.tex 2013/11/07  (rcs-revision 1.5)
)))
(/usr/share/texlive/texmf-dist/tex/generic/pgf/modules/pgfmoduleshapes.code.tex
File: pgfmoduleshapes.code.tex 2014/03/21  (rcs-revision 1.35)
\pgfnodeparttextbox=\box37
) (/usr/share/texlive/texmf-dist/tex/generic/pgf/modules/pgfmoduleplot.code.tex
File: pgfmoduleplot.code.tex 2015/08/03  (rcs-revision 1.13)
)
(/usr/share/texlive/texmf-dist/tex/latex/pgf/compatibility/pgfcomp-version-0-65
.sty
Package: pgfcomp-version-0-65 2007/07/03 v3.0.1a (rcs-revision 1.7)
\pgf@nodesepstart=\dimen159
\pgf@nodesepend=\dimen160
)
(/usr/share/texlive/texmf-dist/tex/latex/pgf/compatibility/pgfcomp-version-1-18
.sty
Package: pgfcomp-version-1-18 2007/07/23 v3.0.1a (rcs-revision 1.1)
)) (/usr/share/texlive/texmf-dist/tex/latex/pgf/utilities/pgffor.sty
(/usr/share/texlive/texmf-dist/tex/latex/pgf/utilities/pgfkeys.sty
(/usr/share/texlive/texmf-dist/tex/generic/pgf/utilities/pgfkeys.code.tex))
(/usr/share/texlive/texmf-dist/tex/latex/pgf/math/pgfmath.sty
(/usr/share/texlive/texmf-dist/tex/generic/pgf/math/pgfmath.code.tex))
(/usr/share/texlive/texmf-dist/tex/generic/pgf/utilities/pgffor.code.tex
Package: pgffor 2013/12/13 v3.0.1a (rcs-revision 1.25)

(/usr/share/texlive/texmf-dist/tex/generic/pgf/math/pgfmath.code.tex)
\pgffor@iter=\dimen161
\pgffor@skip=\dimen162
\pgffor@stack=\toks36
\pgffor@toks=\toks37
))
(/usr/share/texlive/texmf-dist/tex/generic/pgf/frontendlayer/tikz/tikz.code.tex
Package: tikz 2015/08/07 v3.0.1a (rcs-revision 1.151)

(/usr/share/texlive/texmf-dist/tex/generic/pgf/libraries/pgflibraryplothandlers
.code.tex
File: pgflibraryplothandlers.code.tex 2013/08/31 v3.0.1a (rcs-revision 1.20)
\pgf@plot@mark@count=\count117
\pgfplotmarksize=\dimen163
)
\tikz@lastx=\dimen164
\tikz@lasty=\dimen165
\tikz@lastxsaved=\dimen166
\tikz@lastysaved=\dimen167
\tikzleveldistance=\dimen168
\tikzsiblingdistance=\dimen169
\tikz@figbox=\box38
\tikz@figbox@bg=\box39
\tikz@tempbox=\box40
\tikz@tempbox@bg=\box41
\tikztreelevel=\count118
\tikznumberofchildren=\count119
\tikznumberofcurrentchild=\count120
\tikz@fig@count=\count121

(/usr/share/texlive/texmf-dist/tex/generic/pgf/modules/pgfmodulematrix.code.tex
File: pgfmodulematrix.code.tex 2013/09/17  (rcs-revision 1.8)
\pgfmatrixcurrentrow=\count122
\pgfmatrixcurrentcolumn=\count123
\pgf@matrix@numberofcolumns=\count124
)
\tikz@expandcount=\count125

(/usr/share/texlive/texmf-dist/tex/generic/pgf/frontendlayer/tikz/libraries/tik
zlibrarytopaths.code.tex
File: tikzlibrarytopaths.code.tex 2008/06/17 v3.0.1a (rcs-revision 1.2)
)))
(/usr/share/texlive/texmf-dist/tex/latex/tools/multicol.sty
Package: multicol 2015/08/19 v1.8n multicolumn formatting (FMi)
\c@tracingmulticols=\count126
\mult@box=\box42
\multicol@leftmargin=\dimen170
\c@unbalance=\count127
\c@collectmore=\count128
\doublecol@number=\count129
\multicoltolerance=\count130
\multicolpretolerance=\count131
\full@width=\dimen171
\page@free=\dimen172
\premulticols=\dimen173
\postmulticols=\dimen174
\multicolsep=\skip48
\multicolbaselineskip=\skip49
\partial@page=\box43
\last@line=\box44
\maxbalancingoverflow=\dimen175
\mult@rightbox=\box45
\mult@grightbox=\box46
\mult@gfirstbox=\box47
\mult@firstbox=\box48
\@tempa=\box49
\@tempa=\box50
\@tempa=\box51
\@tempa=\box52
\@tempa=\box53
\@tempa=\box54
\@tempa=\box55
\@tempa=\box56
\@tempa=\box57
\@tempa=\box58
\@tempa=\box59
\@tempa=\box60
\@tempa=\box61
\@tempa=\box62
\@tempa=\box63
\@tempa=\box64
\@tempa=\box65
\c@columnbadness=\count132
\c@finalcolumnbadness=\count133
\last@try=\dimen176
\multicolovershoot=\dimen177
\multicolundershoot=\dimen178
\mult@nat@firstbox=\box66
\colbreak@box=\box67
\mc@col@check@num=\count134
)
(/usr/share/texlive/texmf-dist/tex/generic/pgf/frontendlayer/tikz/libraries/tik
zlibraryshapes.code.tex
File: tikzlibraryshapes.code.tex 2008/01/09 v3.0.1a (rcs-revision 1.1)

(/usr/share/texlive/texmf-dist/tex/generic/pgf/frontendlayer/tikz/libraries/tik
zlibraryshapes.geometric.code.tex
File: tikzlibraryshapes.geometric.code.tex 2008/01/09 v3.0.1a (rcs-revision 1.1
)

(/usr/share/texlive/texmf-dist/tex/generic/pgf/libraries/shapes/pgflibraryshape
s.geometric.code.tex
File: pgflibraryshapes.geometric.code.tex 2008/06/26 v3.0.1a (rcs-revision 1.1)

))
(/usr/share/texlive/texmf-dist/tex/generic/pgf/frontendlayer/tikz/libraries/tik
zlibraryshapes.misc.code.tex
File: tikzlibraryshapes.misc.code.tex 2008/01/09 v3.0.1a (rcs-revision 1.1)

(/usr/share/texlive/texmf-dist/tex/generic/pgf/libraries/shapes/pgflibraryshape
s.misc.code.tex
File: pgflibraryshapes.misc.code.tex 2013/07/18 v3.0.1a (rcs-revision 1.5)
))
(/usr/share/texlive/texmf-dist/tex/generic/pgf/frontendlayer/tikz/libraries/tik
zlibraryshapes.symbols.code.tex
File: tikzlibraryshapes.symbols.code.tex 2008/01/09 v3.0.1a (rcs-revision 1.1)

(/usr/share/texlive/texmf-dist/tex/generic/pgf/libraries/shapes/pgflibraryshape
s.symbols.code.tex
File: pgflibraryshapes.symbols.code.tex 2013/09/11 v3.0.1a (rcs-revision 1.6)
))
(/usr/share/texlive/texmf-dist/tex/generic/pgf/frontendlayer/tikz/libraries/tik
zlibraryshapes.arrows.code.tex
File: tikzlibraryshapes.arrows.code.tex 2008/01/09 v3.0.1a (rcs-revision 1.1)

(/usr/share/texlive/texmf-dist/tex/generic/pgf/libraries/shapes/pgflibraryshape
s.arrows.code.tex
File: pgflibraryshapes.arrows.code.tex 2008/06/26 v3.0.1a (rcs-revision 1.1)
))
(/usr/share/texlive/texmf-dist/tex/generic/pgf/frontendlayer/tikz/libraries/tik
zlibraryshapes.callouts.code.tex
(/usr/share/texlive/texmf-dist/tex/generic/pgf/libraries/shapes/pgflibraryshape
s.callouts.code.tex))
(/usr/share/texlive/texmf-dist/tex/generic/pgf/frontendlayer/tikz/libraries/tik
zlibraryshapes.multipart.code.tex
File: tikzlibraryshapes.multipart.code.tex 2008/01/09 v3.0.1a (rcs-revision 1.1
)

(/usr/share/texlive/texmf-dist/tex/generic/pgf/libraries/shapes/pgflibraryshape
s.multipart.code.tex
File: pgflibraryshapes.multipart.code.tex 2010/01/07 v3.0.1a (rcs-revision 1.2)

\pgfnodepartlowerbox=\box68
\pgfnodeparttwobox=\box69
\pgfnodepartthreebox=\box70
\pgfnodepartfourbox=\box71
\pgfnodeparttwentybox=\box72
\pgfnodepartnineteenbox=\box73
\pgfnodeparteighteenbox=\box74
\pgfnodepartseventeenbox=\box75
\pgfnodepartsixteenbox=\box76
\pgfnodepartfifteenbox=\box77
\pgfnodepartfourteenbox=\box78
\pgfnodepartthirteenbox=\box79
\pgfnodeparttwelvebox=\box80
\pgfnodepartelevenbox=\box81
\pgfnodeparttenbox=\box82
\pgfnodepartninebox=\box83
\pgfnodeparteightbox=\box84
\pgfnodepartsevenbox=\box85
\pgfnodepartsixbox=\box86
\pgfnodepartfivebox=\box87
)))
(/usr/share/texlive/texmf-dist/tex/generic/pgf/frontendlayer/tikz/libraries/tik
zlibraryarrows.code.tex
File: tikzlibraryarrows.code.tex 2008/01/09 v3.0.1a (rcs-revision 1.1)

(/usr/share/texlive/texmf-dist/tex/generic/pgf/libraries/pgflibraryarrows.code.
tex
File: pgflibraryarrows.code.tex 2013/09/23 v3.0.1a (rcs-revision 1.16)
\arrowsize=\dimen179
))
(/usr/share/texlive/texmf-dist/tex/generic/pgf/frontendlayer/tikz/libraries/tik
zlibrarypositioning.code.tex
File: tikzlibrarypositioning.code.tex 2008/10/06 v3.0.1a (rcs-revision 1.7)
)
(/usr/share/texlive/texmf-dist/tex/generic/pgf/frontendlayer/tikz/libraries/tik
zlibrarycalc.code.tex
File: tikzlibrarycalc.code.tex 2013/07/15 v3.0.1a (rcs-revision 1.9)
)
(/usr/share/texlive/texmf-dist/tex/latex/amscls/amsthm.sty
Package: amsthm 2015/03/04 v2.20.2
\thm@style=\toks38
\thm@bodyfont=\toks39
\thm@headfont=\toks40
\thm@notefont=\toks41
\thm@headpunct=\toks42
\thm@preskip=\skip50
\thm@postskip=\skip51
\thm@headsep=\skip52
\dth@everypar=\toks43
)
(/usr/share/texlive/texmf-dist/tex/latex/sectsty/sectsty.sty
Package: sectsty 2002/02/25 v2.0.2 Commands to change all sectional heading sty
les
)
(/usr/share/texlive/texmf-dist/tex/latex/fancyhdr/fancyhdr.sty
\fancy@headwidth=\skip53
\f@ncyO@elh=\skip54
\f@ncyO@erh=\skip55
\f@ncyO@olh=\skip56
\f@ncyO@orh=\skip57
\f@ncyO@elf=\skip58
\f@ncyO@erf=\skip59
\f@ncyO@olf=\skip60
\f@ncyO@orf=\skip61
)
(/usr/share/texlive/texmf-dist/tex/latex/tools/longtable.sty
Package: longtable 2014/10/28 v4.11 Multi-page Table package (DPC)
\LTleft=\skip62
\LTright=\skip63
\LTpre=\skip64
\LTpost=\skip65
\LTchunksize=\count135
\LTcapwidth=\dimen180
\LT@head=\box88
\LT@firsthead=\box89
\LT@foot=\box90
\LT@lastfoot=\box91
\LT@cols=\count136
\LT@rows=\count137
\c@LT@tables=\count138
\c@LT@chunks=\count139
\LT@p@ftn=\toks44
) (./report.aux

LaTeX Warning: Label `fig:test1' multiply defined.


LaTeX Warning: Label `fig:test1' multiply defined.


LaTeX Warning: Label `fig:test1' multiply defined.


LaTeX Warning: Label `fig:test2' multiply defined.


LaTeX Warning: Label `my-label' multiply defined.


LaTeX Warning: Label `fig:test1' multiply defined.


LaTeX Warning: Label `fig:test1' multiply defined.


LaTeX Warning: Label `fig:test2' multiply defined.


LaTeX Warning: Label `my-label' multiply defined.


LaTeX Warning: Label `fig:test1' multiply defined.


LaTeX Warning: Label `fig:test1' multiply defined.


LaTeX Warning: Label `fig:test2' multiply defined.


LaTeX Warning: Label `my-label' multiply defined.


LaTeX Warning: Label `fig:test1' multiply defined.


LaTeX Warning: Label `fig:test1' multiply defined.


LaTeX Warning: Label `fig:test2' multiply defined.


LaTeX Warning: Label `my-label' multiply defined.


LaTeX Warning: Label `fig:test1' multiply defined.


LaTeX Warning: Label `fig:test1' multiply defined.


LaTeX Warning: Label `fig:test2' multiply defined.


LaTeX Warning: Label `my-label' multiply defined.


LaTeX Warning: Label `fig:test1' multiply defined.


LaTeX Warning: Label `fig:test1' multiply defined.


LaTeX Warning: Label `fig:test2' multiply defined.


LaTeX Warning: Label `my-label' multiply defined.


LaTeX Warning: Label `fig:test1' multiply defined.


LaTeX Warning: Label `fig:test1' multiply defined.


LaTeX Warning: Label `fig:test2' multiply defined.


LaTeX Warning: Label `my-label' multiply defined.


LaTeX Warning: Label `fig:test1' multiply defined.


LaTeX Warning: Label `fig:test1' multiply defined.


LaTeX Warning: Label `fig:test2' multiply defined.


LaTeX Warning: Label `my-label' multiply defined.


LaTeX Warning: Label `fig:test1' multiply defined.


LaTeX Warning: Label `fig:test1' multiply defined.


LaTeX Warning: Label `fig:test2' multiply defined.


LaTeX Warning: Label `my-label' multiply defined.


LaTeX Warning: Label `fig:test1' multiply defined.


LaTeX Warning: Label `my-label' multiply defined.


LaTeX Warning: Label `my-label' multiply defined.


LaTeX Warning: Label `my-label' multiply defined.

)
\openout1 = `report.aux'.

LaTeX Font Info:    Checking defaults for OML/cmm/m/it on input line 39.
LaTeX Font Info:    ... okay on input line 39.
LaTeX Font Info:    Checking defaults for T1/cmr/m/n on input line 39.
LaTeX Font Info:    ... okay on input line 39.
LaTeX Font Info:    Checking defaults for OT1/cmr/m/n on input line 39.
LaTeX Font Info:    ... okay on input line 39.
LaTeX Font Info:    Checking defaults for OMS/cmsy/m/n on input line 39.
LaTeX Font Info:    ... okay on input line 39.
LaTeX Font Info:    Checking defaults for OMX/cmex/m/n on input line 39.
LaTeX Font Info:    ... okay on input line 39.
LaTeX Font Info:    Checking defaults for U/cmr/m/n on input line 39.
LaTeX Font Info:    ... okay on input line 39.
 (/usr/share/texlive/texmf-dist/tex/context/base/supp-pdf.mkii
[Loading MPS to PDF converter (version 2006.09.02).]
\scratchcounter=\count140
\scratchdimen=\dimen181
\scratchbox=\box92
\nofMPsegments=\count141
\nofMParguments=\count142
\everyMPshowfont=\toks45
\MPscratchCnt=\count143
\MPscratchDim=\dimen182
\MPnumerator=\count144
\makeMPintoPDFobject=\count145
\everyMPtoPDFconversion=\toks46
)
Package caption Info: Begin \AtBeginDocument code.
Package caption Info: float package is loaded.
Package caption Info: longtable package is loaded.
 (/usr/share/texlive/texmf-dist/tex/latex/caption/ltcaption.sty
Package: ltcaption 2013/06/09 v1.4-94 longtable captions (AR)
)
Package caption Info: wrapfig package is loaded.
Package caption Info: End \AtBeginDocument code.

ABD: EveryShipout initializing macros (./title.tex
<./minerva.png, id=4, 463.7325pt x 572.1375pt>
File: ./minerva.png Graphic file (type png)
 <use ./minerva.png>
Package pdftex.def Info: ./minerva.png used on input line 14.
(pdftex.def)             Requested size: 139.12082pt x 171.64256pt.
LaTeX Font Info:    Try loading font information for U+msa on input line 43.

(/usr/share/texlive/texmf-dist/tex/latex/amsfonts/umsa.fd
File: umsa.fd 2013/01/14 v3.01 AMS symbols A
)
LaTeX Font Info:    Try loading font information for U+msb on input line 43.

(/usr/share/texlive/texmf-dist/tex/latex/amsfonts/umsb.fd
File: umsb.fd 2013/01/14 v3.01 AMS symbols B
) [1

{/var/lib/texmf/fonts/map/pdftex/updmap/pdftex.map} <./minerva.png>])
LaTeX Font Info:    Try loading font information for OMS+cmr on input line 73.

(/usr/share/texlive/texmf-dist/tex/latex/base/omscmr.fd
File: omscmr.fd 2014/09/29 v2.5h Standard LaTeX font definitions
)
LaTeX Font Info:    Font shape `OMS/cmr/m/n' in size <10.95> not available
(Font)              Font shape `OMS/cmsy/m/n' tried instead on input line 73.

Overfull \hbox (7.2242pt too wide) in paragraph at lines 82--83
[]\T1/cmr/m/n/10.95 fractal_dimension_mean 
 []


Package Fancyhdr Warning: \headheight is too small (12.0pt): 
 Make it at least 13.59999pt.
 We now make it that large for the rest of the document.
 This may cause the page layout to be inconsistent, however.

[1]
Overfull \hbox (7.59064pt too wide) in paragraph at lines 102--103
[]\T1/cmr/m/n/10.95 fractal_dimension_worst 
 []

Package epstopdf Info: Source file: <./img/radius_mean.eps>
(epstopdf)                    date: 2016-10-23 11:21:12
(epstopdf)                    size: 24371 bytes
(epstopdf)             Output file: <./img/radius_mean-eps-converted-to.pdf>
(epstopdf)                    date: 2016-10-23 11:22:42
(epstopdf)                    size: 4538 bytes
(epstopdf)             Command: <repstopdf --outfile=./img/radius_mean-eps-conv
erted-to.pdf ./img/radius_mean.eps>
(epstopdf)             \includegraphics on input line 115.
Package epstopdf Info: Output file is already uptodate.
<./img/radius_mean-eps-converted-to.pdf, id=25, 347.2975pt x 287.0725pt>
File: ./img/radius_mean-eps-converted-to.pdf Graphic file (type pdf)

<use ./img/radius_mean-eps-converted-to.pdf>
Package pdftex.def Info: ./img/radius_mean-eps-converted-to.pdf used on input l
ine 115.
(pdftex.def)             Requested size: 177.05879pt x 146.36122pt.
Package epstopdf Info: Source file: <./img/radius_se.eps>
(epstopdf)                    date: 2016-10-23 11:21:14
(epstopdf)                    size: 25116 bytes
(epstopdf)             Output file: <./img/radius_se-eps-converted-to.pdf>
(epstopdf)                    date: 2016-10-23 11:22:42
(epstopdf)                    size: 4550 bytes
(epstopdf)             Command: <repstopdf --outfile=./img/radius_se-eps-conver
ted-to.pdf ./img/radius_se.eps>
(epstopdf)             \includegraphics on input line 124.
Package epstopdf Info: Output file is already uptodate.

<./img/radius_se-eps-converted-to.pdf, id=26, 350.30875pt x 288.07625pt>
File: ./img/radius_se-eps-converted-to.pdf Graphic file (type pdf)

<use ./img/radius_se-eps-converted-to.pdf>
Package pdftex.def Info: ./img/radius_se-eps-converted-to.pdf used on input lin
e 124.
(pdftex.def)             Requested size: 177.05879pt x 145.60701pt.
Package epstopdf Info: Source file: <./img/radius_worst.eps>
(epstopdf)                    date: 2016-10-23 11:21:16
(epstopdf)                    size: 24329 bytes
(epstopdf)             Output file: <./img/radius_worst-eps-converted-to.pdf>
(epstopdf)                    date: 2016-10-23 11:22:42
(epstopdf)                    size: 4544 bytes
(epstopdf)             Command: <repstopdf --outfile=./img/radius_worst-eps-con
verted-to.pdf ./img/radius_worst.eps>
(epstopdf)             \includegraphics on input line 130.
Package epstopdf Info: Output file is already uptodate.

<./img/radius_worst-eps-converted-to.pdf, id=27, 351.3125pt x 287.0725pt>
File: ./img/radius_worst-eps-converted-to.pdf Graphic file (type pdf)

<use ./img/radius_worst-eps-converted-to.pdf>
Package pdftex.def Info: ./img/radius_worst-eps-converted-to.pdf used on input 
line 130.
(pdftex.def)             Requested size: 177.05879pt x 144.68793pt.
 [2 <./img/radius_mean-eps-converted-to.pdf> <./img/radius_se-eps-converted-to.
pdf> <./img/radius_worst-eps-converted-to.pdf>]
Package epstopdf Info: Source file: <./img/texture_mean.eps>
(epstopdf)                    date: 2016-10-23 11:21:12
(epstopdf)                    size: 24601 bytes
(epstopdf)             Output file: <./img/texture_mean-eps-converted-to.pdf>
(epstopdf)                    date: 2016-10-23 11:22:42
(epstopdf)                    size: 4510 bytes
(epstopdf)             Command: <repstopdf --outfile=./img/texture_mean-eps-con
verted-to.pdf ./img/texture_mean.eps>
(epstopdf)             \includegraphics on input line 163.
Package epstopdf Info: Output file is already uptodate.

<./img/texture_mean-eps-converted-to.pdf, id=44, 347.2975pt x 287.0725pt>
File: ./img/texture_mean-eps-converted-to.pdf Graphic file (type pdf)

<use ./img/texture_mean-eps-converted-to.pdf>
Package pdftex.def Info: ./img/texture_mean-eps-converted-to.pdf used on input 
line 163.
(pdftex.def)             Requested size: 177.05879pt x 146.36122pt.
Package epstopdf Info: Source file: <./img/texture_se.eps>
(epstopdf)                    date: 2016-10-23 11:21:14
(epstopdf)                    size: 23594 bytes
(epstopdf)             Output file: <./img/texture_se-eps-converted-to.pdf>
(epstopdf)                    date: 2016-10-23 11:22:44
(epstopdf)                    size: 4450 bytes
(epstopdf)             Command: <repstopdf --outfile=./img/texture_se-eps-conve
rted-to.pdf ./img/texture_se.eps>
(epstopdf)             \includegraphics on input line 172.
Package epstopdf Info: Output file is already uptodate.

<./img/texture_se-eps-converted-to.pdf, id=45, 349.305pt x 288.07625pt>
File: ./img/texture_se-eps-converted-to.pdf Graphic file (type pdf)

<use ./img/texture_se-eps-converted-to.pdf>
Package pdftex.def Info: ./img/texture_se-eps-converted-to.pdf used on input li
ne 172.
(pdftex.def)             Requested size: 177.05879pt x 146.02461pt.
Package epstopdf Info: Source file: <./img/texture_worst.eps>
(epstopdf)                    date: 2016-10-23 11:21:16
(epstopdf)                    size: 24853 bytes
(epstopdf)             Output file: <./img/texture_worst-eps-converted-to.pdf>
(epstopdf)                    date: 2016-10-23 11:22:44
(epstopdf)                    size: 4546 bytes
(epstopdf)             Command: <repstopdf --outfile=./img/texture_worst-eps-co
nverted-to.pdf ./img/texture_worst.eps>
(epstopdf)             \includegraphics on input line 178.
Package epstopdf Info: Output file is already uptodate.

<./img/texture_worst-eps-converted-to.pdf, id=46, 347.2975pt x 287.0725pt>
File: ./img/texture_worst-eps-converted-to.pdf Graphic file (type pdf)

<use ./img/texture_worst-eps-converted-to.pdf>
Package pdftex.def Info: ./img/texture_worst-eps-converted-to.pdf used on input
 line 178.
(pdftex.def)             Requested size: 177.05879pt x 146.36122pt.
 [3 <./img/texture_mean-eps-converted-to.pdf> <./img/texture_se-eps-converted-t
o.pdf> <./img/texture_worst-eps-converted-to.pdf>]
Package epstopdf Info: Source file: <./img/perimeter_mean.eps>
(epstopdf)                    date: 2016-10-23 11:21:12
(epstopdf)                    size: 26306 bytes
(epstopdf)             Output file: <./img/perimeter_mean-eps-converted-to.pdf>

(epstopdf)                    date: 2016-10-23 11:22:44
(epstopdf)                    size: 4656 bytes
(epstopdf)             Command: <repstopdf --outfile=./img/perimeter_mean-eps-c
onverted-to.pdf ./img/perimeter_mean.eps>
(epstopdf)             \includegraphics on input line 207.
Package epstopdf Info: Output file is already uptodate.

<./img/perimeter_mean-eps-converted-to.pdf, id=62, 354.32375pt x 287.0725pt>
File: ./img/perimeter_mean-eps-converted-to.pdf Graphic file (type pdf)

<use ./img/perimeter_mean-eps-converted-to.pdf>
Package pdftex.def Info: ./img/perimeter_mean-eps-converted-to.pdf used on inpu
t line 207.
(pdftex.def)             Requested size: 177.05879pt x 143.45267pt.
Package epstopdf Info: Source file: <./img/perimeter_se.eps>
(epstopdf)                    date: 2016-10-23 11:21:14
(epstopdf)                    size: 24879 bytes
(epstopdf)             Output file: <./img/perimeter_se-eps-converted-to.pdf>
(epstopdf)                    date: 2016-10-23 11:22:44
(epstopdf)                    size: 4532 bytes
(epstopdf)             Command: <repstopdf --outfile=./img/perimeter_se-eps-con
verted-to.pdf ./img/perimeter_se.eps>
(epstopdf)             \includegraphics on input line 216.
Package epstopdf Info: Output file is already uptodate.

<./img/perimeter_se-eps-converted-to.pdf, id=63, 352.31625pt x 288.07625pt>
File: ./img/perimeter_se-eps-converted-to.pdf Graphic file (type pdf)

<use ./img/perimeter_se-eps-converted-to.pdf>
Package pdftex.def Info: ./img/perimeter_se-eps-converted-to.pdf used on input 
line 216.
(pdftex.def)             Requested size: 177.05879pt x 144.77184pt.
Package epstopdf Info: Source file: <./img/perimeter_worst.eps>
(epstopdf)                    date: 2016-10-23 11:21:16
(epstopdf)                    size: 23604 bytes
(epstopdf)             Output file: <./img/perimeter_worst-eps-converted-to.pdf
>
(epstopdf)                    date: 2016-10-23 11:22:44
(epstopdf)                    size: 4502 bytes
(epstopdf)             Command: <repstopdf --outfile=./img/perimeter_worst-eps-
converted-to.pdf ./img/perimeter_worst.eps>
(epstopdf)             \includegraphics on input line 222.
Package epstopdf Info: Output file is already uptodate.

<./img/perimeter_worst-eps-converted-to.pdf, id=64, 354.32375pt x 287.0725pt>
File: ./img/perimeter_worst-eps-converted-to.pdf Graphic file (type pdf)

<use ./img/perimeter_worst-eps-converted-to.pdf>
Package pdftex.def Info: ./img/perimeter_worst-eps-converted-to.pdf used on inp
ut line 222.
(pdftex.def)             Requested size: 177.05879pt x 143.45267pt.
 [4 <./img/perimeter_mean-eps-converted-to.pdf> <./img/perimeter_se-eps-convert
ed-to.pdf> <./img/perimeter_worst-eps-converted-to.pdf>]
Package epstopdf Info: Source file: <./img/area_mean.eps>
(epstopdf)                    date: 2016-10-23 11:21:12
(epstopdf)                    size: 23903 bytes
(epstopdf)             Output file: <./img/area_mean-eps-converted-to.pdf>
(epstopdf)                    date: 2016-10-23 11:22:44
(epstopdf)                    size: 4502 bytes
(epstopdf)             Command: <repstopdf --outfile=./img/area_mean-eps-conver
ted-to.pdf ./img/area_mean.eps>
(epstopdf)             \includegraphics on input line 251.
Package epstopdf Info: Output file is already uptodate.

<./img/area_mean-eps-converted-to.pdf, id=80, 357.335pt x 287.0725pt>
File: ./img/area_mean-eps-converted-to.pdf Graphic file (type pdf)

<use ./img/area_mean-eps-converted-to.pdf>
Package pdftex.def Info: ./img/area_mean-eps-converted-to.pdf used on input lin
e 251.
(pdftex.def)             Requested size: 177.05879pt x 142.24368pt.
Package epstopdf Info: Source file: <./img/area_se.eps>
(epstopdf)                    date: 2016-10-23 11:21:14
(epstopdf)                    size: 23351 bytes
(epstopdf)             Output file: <./img/area_se-eps-converted-to.pdf>
(epstopdf)                    date: 2016-10-23 11:22:46
(epstopdf)                    size: 4389 bytes
(epstopdf)             Command: <repstopdf --outfile=./img/area_se-eps-converte
d-to.pdf ./img/area_se.eps>
(epstopdf)             \includegraphics on input line 260.
Package epstopdf Info: Output file is already uptodate.

<./img/area_se-eps-converted-to.pdf, id=81, 355.3275pt x 288.07625pt>
File: ./img/area_se-eps-converted-to.pdf Graphic file (type pdf)

<use ./img/area_se-eps-converted-to.pdf>
Package pdftex.def Info: ./img/area_se-eps-converted-to.pdf used on input line 
260.
(pdftex.def)             Requested size: 177.05879pt x 143.54984pt.
Package epstopdf Info: Source file: <./img/area_worst.eps>
(epstopdf)                    date: 2016-10-23 11:21:16
(epstopdf)                    size: 24384 bytes
(epstopdf)             Output file: <./img/area_worst-eps-converted-to.pdf>
(epstopdf)                    date: 2016-10-23 11:22:46
(epstopdf)                    size: 4538 bytes
(epstopdf)             Command: <repstopdf --outfile=./img/area_worst-eps-conve
rted-to.pdf ./img/area_worst.eps>
(epstopdf)             \includegraphics on input line 266.
Package epstopdf Info: Output file is already uptodate.

<./img/area_worst-eps-converted-to.pdf, id=82, 357.335pt x 287.0725pt>
File: ./img/area_worst-eps-converted-to.pdf Graphic file (type pdf)

<use ./img/area_worst-eps-converted-to.pdf>
Package pdftex.def Info: ./img/area_worst-eps-converted-to.pdf used on input li
ne 266.
(pdftex.def)             Requested size: 177.05879pt x 142.24368pt.
 [5 <./img/area_mean-eps-converted-to.pdf> <./img/area_se-eps-converted-to.pdf>
 <./img/area_worst-eps-converted-to.pdf>]
Package epstopdf Info: Source file: <./img/smoothness_mean.eps>
(epstopdf)                    date: 2016-10-23 11:21:12
(epstopdf)                    size: 24410 bytes
(epstopdf)             Output file: <./img/smoothness_mean-eps-converted-to.pdf
>
(epstopdf)                    date: 2016-10-23 11:22:46
(epstopdf)                    size: 4550 bytes
(epstopdf)             Command: <repstopdf --outfile=./img/smoothness_mean-eps-
converted-to.pdf ./img/smoothness_mean.eps>
(epstopdf)             \includegraphics on input line 294.
Package epstopdf Info: Output file is already uptodate.

<./img/smoothness_mean-eps-converted-to.pdf, id=98, 351.3125pt x 288.07625pt>
File: ./img/smoothness_mean-eps-converted-to.pdf Graphic file (type pdf)

<use ./img/smoothness_mean-eps-converted-to.pdf>
Package pdftex.def Info: ./img/smoothness_mean-eps-converted-to.pdf used on inp
ut line 294.
(pdftex.def)             Requested size: 177.05879pt x 145.19382pt.
Package epstopdf Info: Source file: <./img/smoothness_se.eps>
(epstopdf)                    date: 2016-10-23 11:21:14
(epstopdf)                    size: 23224 bytes
(epstopdf)             Output file: <./img/smoothness_se-eps-converted-to.pdf>
(epstopdf)                    date: 2016-10-23 11:22:46
(epstopdf)                    size: 4447 bytes
(epstopdf)             Command: <repstopdf --outfile=./img/smoothness_se-eps-co
nverted-to.pdf ./img/smoothness_se.eps>
(epstopdf)             \includegraphics on input line 303.
Package epstopdf Info: Output file is already uptodate.

<./img/smoothness_se-eps-converted-to.pdf, id=99, 358.33875pt x 288.07625pt>
File: ./img/smoothness_se-eps-converted-to.pdf Graphic file (type pdf)

<use ./img/smoothness_se-eps-converted-to.pdf>
Package pdftex.def Info: ./img/smoothness_se-eps-converted-to.pdf used on input
 line 303.
(pdftex.def)             Requested size: 177.05879pt x 142.34102pt.
Package epstopdf Info: Source file: <./img/smoothness_worst.eps>
(epstopdf)                    date: 2016-10-23 11:21:16
(epstopdf)                    size: 25384 bytes
(epstopdf)             Output file: <./img/smoothness_worst-eps-converted-to.pd
f>
(epstopdf)                    date: 2016-10-23 11:22:46
(epstopdf)                    size: 4603 bytes
(epstopdf)             Command: <repstopdf --outfile=./img/smoothness_worst-eps
-converted-to.pdf ./img/smoothness_worst.eps>
(epstopdf)             \includegraphics on input line 309.
Package epstopdf Info: Output file is already uptodate.

<./img/smoothness_worst-eps-converted-to.pdf, id=100, 351.3125pt x 288.07625pt>
File: ./img/smoothness_worst-eps-converted-to.pdf Graphic file (type pdf)
<use ./img/smoothness_worst-eps-converted-to.pdf>
Package pdftex.def Info: ./img/smoothness_worst-eps-converted-to.pdf used on in
put line 309.
(pdftex.def)             Requested size: 177.05879pt x 145.19382pt.
 [6 <./img/smoothness_mean-eps-converted-to.pdf> <./img/smoothness_se-eps-conve
rted-to.pdf> <./img/smoothness_worst-eps-converted-to.pdf>]
Package epstopdf Info: Source file: <./img/compactness_mean.eps>
(epstopdf)                    date: 2016-10-23 11:21:12
(epstopdf)                    size: 25845 bytes
(epstopdf)             Output file: <./img/compactness_mean-eps-converted-to.pd
f>
(epstopdf)                    date: 2016-10-24 07:32:22
(epstopdf)                    size: 8175 bytes
(epstopdf)             Command: <repstopdf --outfile=./img/compactness_mean-eps
-converted-to.pdf ./img/compactness_mean.eps>
(epstopdf)             \includegraphics on input line 337.
Package epstopdf Info: Output file is already uptodate.

<./img/compactness_mean-eps-converted-to.pdf, id=117, 352.31625pt x 288.07625pt
>
File: ./img/compactness_mean-eps-converted-to.pdf Graphic file (type pdf)
 <use ./img/compactness_mean-eps-converted-to.pdf>
Package pdftex.def Info: ./img/compactness_mean-eps-converted-to.pdf used on in
put line 337.
(pdftex.def)             Requested size: 177.05879pt x 144.77184pt.
Package epstopdf Info: Source file: <./img/compactness_se.eps>
(epstopdf)                    date: 2016-10-23 11:21:14
(epstopdf)                    size: 24921 bytes
(epstopdf)             Output file: <./img/compactness_se-eps-converted-to.pdf>

(epstopdf)                    date: 2016-10-23 11:22:48
(epstopdf)                    size: 4587 bytes
(epstopdf)             Command: <repstopdf --outfile=./img/compactness_se-eps-c
onverted-to.pdf ./img/compactness_se.eps>
(epstopdf)             \includegraphics on input line 347.
Package epstopdf Info: Output file is already uptodate.

<./img/compactness_se-eps-converted-to.pdf, id=118, 355.3275pt x 288.07625pt>
File: ./img/compactness_se-eps-converted-to.pdf Graphic file (type pdf)

<use ./img/compactness_se-eps-converted-to.pdf>
Package pdftex.def Info: ./img/compactness_se-eps-converted-to.pdf used on inpu
t line 347.
(pdftex.def)             Requested size: 177.05879pt x 143.54984pt.
Package epstopdf Info: Source file: <./img/compactness_worst.eps>
(epstopdf)                    date: 2016-10-23 11:21:16
(epstopdf)                    size: 25605 bytes
(epstopdf)             Output file: <./img/compactness_worst-eps-converted-to.p
df>
(epstopdf)                    date: 2016-10-23 11:22:48
(epstopdf)                    size: 4614 bytes
(epstopdf)             Command: <repstopdf --outfile=./img/compactness_worst-ep
s-converted-to.pdf ./img/compactness_worst.eps>
(epstopdf)             \includegraphics on input line 353.
Package epstopdf Info: Output file is already uptodate.

<./img/compactness_worst-eps-converted-to.pdf, id=119, 353.32pt x 288.07625pt>
File: ./img/compactness_worst-eps-converted-to.pdf Graphic file (type pdf)

<use ./img/compactness_worst-eps-converted-to.pdf>
Package pdftex.def Info: ./img/compactness_worst-eps-converted-to.pdf used on i
nput line 353.
(pdftex.def)             Requested size: 177.05879pt x 144.36304pt.
 [7 <./img/compactness_mean-eps-converted-to.pdf> <./img/compactness_se-eps-con
verted-to.pdf> <./img/compactness_worst-eps-converted-to.pdf>]
Package epstopdf Info: Source file: <./img/concavity_mean.eps>
(epstopdf)                    date: 2016-10-23 11:21:12
(epstopdf)                    size: 23946 bytes
(epstopdf)             Output file: <./img/concavity_mean-eps-converted-to.pdf>

(epstopdf)                    date: 2016-10-23 11:22:48
(epstopdf)                    size: 4502 bytes
(epstopdf)             Command: <repstopdf --outfile=./img/concavity_mean-eps-c
onverted-to.pdf ./img/concavity_mean.eps>
(epstopdf)             \includegraphics on input line 380.
Package epstopdf Info: Output file is already uptodate.

<./img/concavity_mean-eps-converted-to.pdf, id=139, 353.32pt x 288.07625pt>
File: ./img/concavity_mean-eps-converted-to.pdf Graphic file (type pdf)

<use ./img/concavity_mean-eps-converted-to.pdf>
Package pdftex.def Info: ./img/concavity_mean-eps-converted-to.pdf used on inpu
t line 380.
(pdftex.def)             Requested size: 177.05879pt x 144.36304pt.
Package epstopdf Info: Source file: <./img/concavity_se.eps>
(epstopdf)                    date: 2016-10-23 11:21:14
(epstopdf)                    size: 26213 bytes
(epstopdf)             Output file: <./img/concavity_se-eps-converted-to.pdf>
(epstopdf)                    date: 2016-10-23 11:22:48
(epstopdf)                    size: 4595 bytes
(epstopdf)             Command: <repstopdf --outfile=./img/concavity_se-eps-con
verted-to.pdf ./img/concavity_se.eps>
(epstopdf)             \includegraphics on input line 390.
Package epstopdf Info: Output file is already uptodate.

<./img/concavity_se-eps-converted-to.pdf, id=140, 354.32375pt x 288.07625pt>
File: ./img/concavity_se-eps-converted-to.pdf Graphic file (type pdf)

<use ./img/concavity_se-eps-converted-to.pdf>
Package pdftex.def Info: ./img/concavity_se-eps-converted-to.pdf used on input 
line 390.
(pdftex.def)             Requested size: 177.05879pt x 143.95424pt.
Package epstopdf Info: Source file: <./img/concavity_worst.eps>
(epstopdf)                    date: 2016-10-23 11:21:16
(epstopdf)                    size: 25482 bytes
(epstopdf)             Output file: <./img/concavity_worst-eps-converted-to.pdf
>
(epstopdf)                    date: 2016-10-23 11:22:48
(epstopdf)                    size: 4629 bytes
(epstopdf)             Command: <repstopdf --outfile=./img/concavity_worst-eps-
converted-to.pdf ./img/concavity_worst.eps>
(epstopdf)             \includegraphics on input line 396.
Package epstopdf Info: Output file is already uptodate.

<./img/concavity_worst-eps-converted-to.pdf, id=141, 349.305pt x 288.07625pt>
File: ./img/concavity_worst-eps-converted-to.pdf Graphic file (type pdf)

<use ./img/concavity_worst-eps-converted-to.pdf>
Package pdftex.def Info: ./img/concavity_worst-eps-converted-to.pdf used on inp
ut line 396.
(pdftex.def)             Requested size: 177.05879pt x 146.02461pt.
 [8 <./img/concavity_mean-eps-converted-to.pdf> <./img/concavity_se-eps-convert
ed-to.pdf> <./img/concavity_worst-eps-converted-to.pdf>]
Package epstopdf Info: Source file: <./img/concave_points_mean.eps>
(epstopdf)                    date: 2016-10-23 11:21:14
(epstopdf)                    size: 25225 bytes
(epstopdf)             Output file: <./img/concave_points_mean-eps-converted-to
.pdf>
(epstopdf)                    date: 2016-10-23 11:22:50
(epstopdf)                    size: 4620 bytes
(epstopdf)             Command: <repstopdf --outfile=./img/concave_points_mean-
eps-converted-to.pdf ./img/concave_points_mean.eps>
(epstopdf)             \includegraphics on input line 423.
Package epstopdf Info: Output file is already uptodate.

<./img/concave_points_mean-eps-converted-to.pdf, id=158, 356.33125pt x 288.0762
5pt>
File: ./img/concave_points_mean-eps-converted-to.pdf Graphic file (type pdf)
 <use ./img/concave_points_mean-eps-converted-to.pdf>
Package pdftex.def Info: ./img/concave_points_mean-eps-converted-to.pdf used on
 input line 423.
(pdftex.def)             Requested size: 177.05879pt x 143.14104pt.
Package epstopdf Info: Source file: <./img/concave_points_se.eps>
(epstopdf)                    date: 2016-10-23 11:21:16
(epstopdf)                    size: 24949 bytes
(epstopdf)             Output file: <./img/concave_points_se-eps-converted-to.p
df>
(epstopdf)                    date: 2016-10-23 11:22:50
(epstopdf)                    size: 4558 bytes
(epstopdf)             Command: <repstopdf --outfile=./img/concave_points_se-ep
s-converted-to.pdf ./img/concave_points_se.eps>
(epstopdf)             \includegraphics on input line 432.
Package epstopdf Info: Output file is already uptodate.

<./img/concave_points_se-eps-converted-to.pdf, id=159, 355.3275pt x 288.07625pt
>
File: ./img/concave_points_se-eps-converted-to.pdf Graphic file (type pdf)
 <use ./img/concave_points_se-eps-converted-to.pdf>
Package pdftex.def Info: ./img/concave_points_se-eps-converted-to.pdf used on i
nput line 432.
(pdftex.def)             Requested size: 177.05879pt x 143.54984pt.
Package epstopdf Info: Source file: <./img/concave_points_worst.eps>
(epstopdf)                    date: 2016-10-23 11:21:16
(epstopdf)                    size: 24879 bytes
(epstopdf)             Output file: <./img/concave_points_worst-eps-converted-t
o.pdf>
(epstopdf)                    date: 2016-10-23 11:22:50
(epstopdf)                    size: 4615 bytes
(epstopdf)             Command: <repstopdf --outfile=./img/concave_points_worst
-eps-converted-to.pdf ./img/concave_points_worst.eps>
(epstopdf)             \includegraphics on input line 438.
Package epstopdf Info: Output file is already uptodate.

<./img/concave_points_worst-eps-converted-to.pdf, id=160, 352.31625pt x 288.076
25pt>
File: ./img/concave_points_worst-eps-converted-to.pdf Graphic file (type pdf)
 <use ./img/concave_points_worst-eps-converted-to.pdf>
Package pdftex.def Info: ./img/concave_points_worst-eps-converted-to.pdf used o
n input line 438.
(pdftex.def)             Requested size: 177.05879pt x 144.77184pt.
 [9 <./img/concave_points_mean-eps-converted-to.pdf> <./img/concave_points_se-e
ps-converted-to.pdf> <./img/concave_points_worst-eps-converted-to.pdf>]
Package epstopdf Info: Source file: <./img/symmetry_mean.eps>
(epstopdf)                    date: 2016-10-23 11:21:14
(epstopdf)                    size: 24347 bytes
(epstopdf)             Output file: <./img/symmetry_mean-eps-converted-to.pdf>
(epstopdf)                    date: 2016-10-23 11:22:50
(epstopdf)                    size: 4541 bytes
(epstopdf)             Command: <repstopdf --outfile=./img/symmetry_mean-eps-co
nverted-to.pdf ./img/symmetry_mean.eps>
(epstopdf)             \includegraphics on input line 465.
Package epstopdf Info: Output file is already uptodate.

<./img/symmetry_mean-eps-converted-to.pdf, id=176, 352.31625pt x 288.07625pt>
File: ./img/symmetry_mean-eps-converted-to.pdf Graphic file (type pdf)

<use ./img/symmetry_mean-eps-converted-to.pdf>
Package pdftex.def Info: ./img/symmetry_mean-eps-converted-to.pdf used on input
 line 465.
(pdftex.def)             Requested size: 177.05879pt x 144.77184pt.
Package epstopdf Info: Source file: <./img/symmetry_se.eps>
(epstopdf)                    date: 2016-10-23 11:21:16
(epstopdf)                    size: 24968 bytes
(epstopdf)             Output file: <./img/symmetry_se-eps-converted-to.pdf>
(epstopdf)                    date: 2016-10-23 11:22:50
(epstopdf)                    size: 4536 bytes
(epstopdf)             Command: <repstopdf --outfile=./img/symmetry_se-eps-conv
erted-to.pdf ./img/symmetry_se.eps>
(epstopdf)             \includegraphics on input line 474.
Package epstopdf Info: Output file is already uptodate.

<./img/symmetry_se-eps-converted-to.pdf, id=177, 355.3275pt x 288.07625pt>
File: ./img/symmetry_se-eps-converted-to.pdf Graphic file (type pdf)

<use ./img/symmetry_se-eps-converted-to.pdf>
Package pdftex.def Info: ./img/symmetry_se-eps-converted-to.pdf used on input l
ine 474.
(pdftex.def)             Requested size: 177.05879pt x 143.54984pt.
Package epstopdf Info: Source file: <./img/symmetry_worst.eps>
(epstopdf)                    date: 2016-10-23 11:21:18
(epstopdf)                    size: 24905 bytes
(epstopdf)             Output file: <./img/symmetry_worst-eps-converted-to.pdf>

(epstopdf)                    date: 2016-10-23 11:22:50
(epstopdf)                    size: 4552 bytes
(epstopdf)             Command: <repstopdf --outfile=./img/symmetry_worst-eps-c
onverted-to.pdf ./img/symmetry_worst.eps>
(epstopdf)             \includegraphics on input line 480.
Package epstopdf Info: Output file is already uptodate.

<./img/symmetry_worst-eps-converted-to.pdf, id=178, 353.32pt x 288.07625pt>
File: ./img/symmetry_worst-eps-converted-to.pdf Graphic file (type pdf)

<use ./img/symmetry_worst-eps-converted-to.pdf>
Package pdftex.def Info: ./img/symmetry_worst-eps-converted-to.pdf used on inpu
t line 480.
(pdftex.def)             Requested size: 177.05879pt x 144.36304pt.
 [10 <./img/symmetry_mean-eps-converted-to.pdf> <./img/symmetry_se-eps-converte
d-to.pdf> <./img/symmetry_worst-eps-converted-to.pdf>]
Package epstopdf Info: Source file: <./img/fractal_dimension_mean.eps>
(epstopdf)                    date: 2016-10-23 11:21:14
(epstopdf)                    size: 24419 bytes
(epstopdf)             Output file: <./img/fractal_dimension_mean-eps-converted
-to.pdf>
(epstopdf)                    date: 2016-10-23 11:22:52
(epstopdf)                    size: 4573 bytes
(epstopdf)             Command: <repstopdf --outfile=./img/fractal_dimension_me
an-eps-converted-to.pdf ./img/fractal_dimension_mean.eps>
(epstopdf)             \includegraphics on input line 508.
Package epstopdf Info: Output file is already uptodate.

<./img/fractal_dimension_mean-eps-converted-to.pdf, id=194, 348.30125pt x 287.0
725pt>
File: ./img/fractal_dimension_mean-eps-converted-to.pdf Graphic file (type pdf)

 <use ./img/fractal_dimension_mean-eps-converted-to.pdf>
Package pdftex.def Info: ./img/fractal_dimension_mean-eps-converted-to.pdf used
 on input line 508.
(pdftex.def)             Requested size: 177.05879pt x 145.93195pt.
Package epstopdf Info: Source file: <./img/fractal_dimension_se.eps>
(epstopdf)                    date: 2016-10-23 11:21:16
(epstopdf)                    size: 24397 bytes
(epstopdf)             Output file: <./img/fractal_dimension_se-eps-converted-t
o.pdf>
(epstopdf)                    date: 2016-10-23 11:22:52
(epstopdf)                    size: 4539 bytes
(epstopdf)             Command: <repstopdf --outfile=./img/fractal_dimension_se
-eps-converted-to.pdf ./img/fractal_dimension_se.eps>
(epstopdf)             \includegraphics on input line 517.
Package epstopdf Info: Output file is already uptodate.

<./img/fractal_dimension_se-eps-converted-to.pdf, id=195, 355.3275pt x 288.0762
5pt>
File: ./img/fractal_dimension_se-eps-converted-to.pdf Graphic file (type pdf)
 <use ./img/fractal_dimension_se-eps-converted-to.pdf>
Package pdftex.def Info: ./img/fractal_dimension_se-eps-converted-to.pdf used o
n input line 517.
(pdftex.def)             Requested size: 177.05879pt x 143.54984pt.
Package epstopdf Info: Source file: <./img/fractal_dimension_worst.eps>
(epstopdf)                    date: 2016-10-23 11:21:18
(epstopdf)                    size: 24957 bytes
(epstopdf)             Output file: <./img/fractal_dimension_worst-eps-converte
d-to.pdf>
(epstopdf)                    date: 2016-10-23 11:22:52
(epstopdf)                    size: 4581 bytes
(epstopdf)             Command: <repstopdf --outfile=./img/fractal_dimension_wo
rst-eps-converted-to.pdf ./img/fractal_dimension_worst.eps>
(epstopdf)             \includegraphics on input line 523.
Package epstopdf Info: Output file is already uptodate.

<./img/fractal_dimension_worst-eps-converted-to.pdf, id=196, 355.3275pt x 287.0
725pt>
File: ./img/fractal_dimension_worst-eps-converted-to.pdf Graphic file (type pdf
)
 <use ./img/fractal_dimension_worst-eps-converted-to.pdf>
Package pdftex.def Info: ./img/fractal_dimension_worst-eps-converted-to.pdf use
d on input line 523.
(pdftex.def)             Requested size: 177.05879pt x 143.04967pt.

Overfull \hbox (31.60526pt too wide) in paragraph at lines 534--544
 [][] 
 []

[11 <./img/fractal_dimension_mean-eps-converted-to.pdf> <./img/fractal_dimensio
n_se-eps-converted-to.pdf> <./img/fractal_dimension_worst-eps-converted-to.pdf>
] <./img/corrcoef_range.png, id=212, 578.16pt x 433.62pt>
File: ./img/corrcoef_range.png Graphic file (type png)

<use ./img/corrcoef_range.png>
Package pdftex.def Info: ./img/corrcoef_range.png used on input line 553.
(pdftex.def)             Requested size: 442.65375pt x 331.9895pt.
 [12 <./img/corrcoef_range.png>] [13]
Overfull \vbox (71.39923pt too high) has occurred while \output is active []


[14] <./img/distance_out.png, id=224, 578.16pt x 433.62pt>
File: ./img/distance_out.png Graphic file (type png)

<use ./img/distance_out.png>
Package pdftex.def Info: ./img/distance_out.png used on input line 674.
(pdftex.def)             Requested size: 221.32687pt x 165.99475pt.

<./img/distance_clean.png, id=225, 578.16pt x 433.62pt>
File: ./img/distance_clean.png Graphic file (type png)

<use ./img/distance_clean.png>
Package pdftex.def Info: ./img/distance_clean.png used on input line 680.
(pdftex.def)             Requested size: 221.32687pt x 165.99475pt.

<./img/dist_zscore_out.png, id=226, 578.16pt x 433.62pt>
File: ./img/dist_zscore_out.png Graphic file (type png)

<use ./img/dist_zscore_out.png>
Package pdftex.def Info: ./img/dist_zscore_out.png used on input line 694.
(pdftex.def)             Requested size: 221.32687pt x 165.99475pt.

<./img/distance_zscore_clean.png, id=227, 578.16pt x 433.62pt>
File: ./img/distance_zscore_clean.png Graphic file (type png)

<use ./img/distance_zscore_clean.png>
Package pdftex.def Info: ./img/distance_zscore_clean.png used on input line 700
.
(pdftex.def)             Requested size: 221.32687pt x 165.99475pt.
 [15 <./img/distance_out.png> <./img/distance_clean.png> <./img/dist_zscore_out
.png> <./img/distance_zscore_clean.png>]

LaTeX Warning: No positions in optional float specifier.
               Default added (so using `tbp') on input line 741.

[16] [17] (./report.aux)

LaTeX Warning: There were multiply-defined labels.

 ) 
Here is how much of TeX's memory you used:
 17834 strings out of 494888
 361851 string characters out of 6179127
 433574 words of memory out of 5000000
 20691 multiletter control sequences out of 15000+600000
 18635 words of font info for 46 fonts, out of 8000000 for 9000
 38 hyphenation exceptions out of 8191
 55i,12n,67p,520b,471s stack positions out of 5000i,500n,10000p,200000b,80000s
 </home/lgos/.texmf-var/fonts/pk/ljfour/jknappen/ec/ecbx1095.600pk> </home/lg
os/.texmf-var/fonts/pk/ljfour/jknappen/ec/ecrm1000.600pk> </home/lgos/.texmf-va
r/fonts/pk/ljfour/jknappen/ec/ecbx1200.600pk> </home/lgos/.texmf-var/fonts/pk/l
jfour/jknappen/ec/ecti1095.600pk> </home/lgos/.texmf-var/fonts/pk/ljfour/jknapp
en/ec/ecbx1440.600pk> </home/lgos/.texmf-var/fonts/pk/ljfour/jknappen/ec/ecrm10
95.600pk> </home/lgos/.texmf-var/fonts/pk/ljfour/jknappen/ec/ecrm1200.600pk> </
home/lgos/.texmf-var/fonts/pk/ljfour/jknappen/ec/ecti1200.600pk> </home/lgos/.t
exmf-var/fonts/pk/ljfour/jknappen/ec/ecbx2074.600pk> </home/lgos/.texmf-var/fon
ts/pk/ljfour/jknappen/ec/eccc1440.600pk> </home/lgos/.texmf-var/fonts/pk/ljfour
/jknappen/ec/eccc1728.600pk></usr/share/texlive/texmf-dist/fonts/type1/public/a
msfonts/cm/cmmi10.pfb></usr/share/texlive/texmf-dist/fonts/type1/public/amsfont
s/cm/cmmi8.pfb></usr/share/texlive/texmf-dist/fonts/type1/public/amsfonts/cm/cm
r10.pfb></usr/share/texlive/texmf-dist/fonts/type1/public/amsfonts/cm/cmr8.pfb>
</usr/share/texlive/texmf-dist/fonts/type1/public/amsfonts/cm/cmsy10.pfb>
Output written on report.pdf (18 pages, 1410770 bytes).
PDF statistics:
 571 PDF objects out of 1000 (max. 8388607)
 226 compressed objects within 3 object streams
 0 named destinations out of 1000 (max. 500000)
 193 words of extra memory for PDF output out of 10000 (max. 10000000)

